04-Mar-2026 22:18:51.812 INFO [main] org.apache.catalina.startup.VersionLoggerListener.log Server version name:   Apache Tomcat/10.1.24
04-Mar-2026 22:18:51.827 INFO [main] org.apache.catalina.startup.VersionLoggerListener.log Server built:          May 9 2024 17:41:23 UTC
04-Mar-2026 22:18:51.827 INFO [main] org.apache.catalina.startup.VersionLoggerListener.log Server version number: 10.1.24.0
04-Mar-2026 22:18:51.827 INFO [main] org.apache.catalina.startup.VersionLoggerListener.log OS Name:               Windows 10
04-Mar-2026 22:18:51.827 INFO [main] org.apache.catalina.startup.VersionLoggerListener.log OS Version:            10.0
04-Mar-2026 22:18:51.827 INFO [main] org.apache.catalina.startup.VersionLoggerListener.log Architecture:          amd64
04-Mar-2026 22:18:51.827 INFO [main] org.apache.catalina.startup.VersionLoggerListener.log Java Home:             C:\Program Files\Java\jdk-21.0.10
04-Mar-2026 22:18:51.827 INFO [main] org.apache.catalina.startup.VersionLoggerListener.log JVM Version:           21.0.10+8-LTS-217
04-Mar-2026 22:18:51.827 INFO [main] org.apache.catalina.startup.VersionLoggerListener.log JVM Vendor:            Oracle Corporation
04-Mar-2026 22:18:51.827 INFO [main] org.apache.catalina.startup.VersionLoggerListener.log CATALINA_BASE:         C:\Users\ADMIN\Downloads\SmartLibrary-Management-System
04-Mar-2026 22:18:51.827 INFO [main] org.apache.catalina.startup.VersionLoggerListener.log CATALINA_HOME:         C:\Users\ADMIN\Downloads\SmartLibrary-Management-System
04-Mar-2026 22:18:51.970 INFO [main] org.apache.catalina.startup.VersionLoggerListener.log Command line argument: -Djava.util.logging.config.file=C:\Users\ADMIN\Downloads\SmartLibrary-Management-System\conf\logging.properties
04-Mar-2026 22:18:51.970 INFO [main] org.apache.catalina.startup.VersionLoggerListener.log Command line argument: -Djava.util.logging.manager=org.apache.juli.ClassLoaderLogManager
04-Mar-2026 22:18:51.970 INFO [main] org.apache.catalina.startup.VersionLoggerListener.log Command line argument: -Djdk.tls.ephemeralDHKeySize=2048
04-Mar-2026 22:18:51.982 INFO [main] org.apache.catalina.startup.VersionLoggerListener.log Command line argument: -Djava.protocol.handler.pkgs=org.apache.catalina.webresources
04-Mar-2026 22:18:51.982 INFO [main] org.apache.catalina.startup.VersionLoggerListener.log Command line argument: --add-opens=java.base/java.lang=ALL-UNNAMED
04-Mar-2026 22:18:51.982 INFO [main] org.apache.catalina.startup.VersionLoggerListener.log Command line argument: --add-opens=java.base/java.io=ALL-UNNAMED
04-Mar-2026 22:18:51.983 INFO [main] org.apache.catalina.startup.VersionLoggerListener.log Command line argument: --add-opens=java.base/java.util=ALL-UNNAMED
04-Mar-2026 22:18:51.983 INFO [main] org.apache.catalina.startup.VersionLoggerListener.log Command line argument: --add-opens=java.base/java.util.concurrent=ALL-UNNAMED
04-Mar-2026 22:18:51.983 INFO [main] org.apache.catalina.startup.VersionLoggerListener.log Command line argument: --add-opens=java.rmi/sun.rmi.transport=ALL-UNNAMED
04-Mar-2026 22:18:51.983 INFO [main] org.apache.catalina.startup.VersionLoggerListener.log Command line argument: -Dcatalina.base=C:\Users\ADMIN\Downloads\SmartLibrary-Management-System
04-Mar-2026 22:18:51.983 INFO [main] org.apache.catalina.startup.VersionLoggerListener.log Command line argument: -Dcatalina.home=C:\Users\ADMIN\Downloads\SmartLibrary-Management-System
04-Mar-2026 22:18:51.983 INFO [main] org.apache.catalina.startup.VersionLoggerListener.log Command line argument: -Djava.io.tmpdir=C:\Users\ADMIN\Downloads\SmartLibrary-Management-System\temp
04-Mar-2026 22:18:51.983 INFO [main] org.apache.catalina.core.AprLifecycleListener.lifecycleEvent The Apache Tomcat Native library which allows using OpenSSL was not found on the java.library.path: [C:\Program Files\Java\jdk-21.0.10\bin;C:\Windows\Sun\Java\bin;C:\Windows\system32;C:\Windows;C:\Program Files\Common Files\Oracle\Java\javapath;C:\Windows\system32;C:\Windows;C:\Windows\System32\Wbem;C:\Windows\System32\WindowsPowerShell\v1.0\;C:\Windows\System32\OpenSSH\;C:\Program Files\nodejs\;C:\Program Files\Git\cmd;C:\Program Files\Java\jdk-21.0.10\bin;C:\Users\ADMIN\AppData\Local\Programs\Python\Python311\Scripts\;C:\Users\ADMIN\AppData\Local\Programs\Python\Python311\;C:\Users\ADMIN\AppData\Local\Microsoft\WindowsApps;C:\Users\ADMIN\AppData\Roaming\npm;C:\Users\ADMIN\AppData\Local\Programs\Microsoft VS Code\bin;.]
04-Mar-2026 22:18:52.999 INFO [main] org.apache.coyote.AbstractProtocol.init Initializing ProtocolHandler ["http-nio-8080"]
04-Mar-2026 22:18:53.139 INFO [main] org.apache.catalina.startup.Catalina.load Server initialization in [1969] milliseconds
04-Mar-2026 22:18:53.514 INFO [main] org.apache.catalina.core.StandardService.startInternal Starting service [Catalina]
04-Mar-2026 22:18:53.514 INFO [main] org.apache.catalina.core.StandardEngine.startInternal Starting Servlet engine: [Apache Tomcat/10.1.24]
04-Mar-2026 22:18:53.717 INFO [main] org.apache.catalina.startup.HostConfig.deployWAR Deploying web application archive [C:\Users\ADMIN\Downloads\SmartLibrary-Management-System\webapps\SmartLibrary.war]
04-Mar-2026 22:18:55.185 INFO [main] org.apache.jasper.servlet.TldScanner.scanJars At least one JAR was scanned for TLDs yet contained no TLDs. Enable debug logging for this logger for a complete list of JARs that were scanned but no TLDs were found in them. Skipping unneeded JARs during scanning can improve startup time and JSP compilation time.
04-Mar-2026 22:18:55.498 INFO [main] org.apache.catalina.startup.HostConfig.deployWAR Deployment of web application archive [C:\Users\ADMIN\Downloads\SmartLibrary-Management-System\webapps\SmartLibrary.war] has finished in [1,765] ms
04-Mar-2026 22:18:55.498 INFO [main] org.apache.catalina.startup.HostConfig.deployDirectory Deploying web application directory [C:\Users\ADMIN\Downloads\SmartLibrary-Management-System\webapps\docs]
04-Mar-2026 22:18:55.779 INFO [main] org.apache.jasper.servlet.TldScanner.scanJars At least one JAR was scanned for TLDs yet contained no TLDs. Enable debug logging for this logger for a complete list of JARs that were scanned but no TLDs were found in them. Skipping unneeded JARs during scanning can improve startup time and JSP compilation time.
04-Mar-2026 22:18:55.779 INFO [main] org.apache.catalina.startup.HostConfig.deployDirectory Deployment of web application directory [C:\Users\ADMIN\Downloads\SmartLibrary-Management-System\webapps\docs] has finished in [281] ms
04-Mar-2026 22:18:55.779 INFO [main] org.apache.catalina.startup.HostConfig.deployDirectory Deploying web application directory [C:\Users\ADMIN\Downloads\SmartLibrary-Management-System\webapps\examples]
04-Mar-2026 22:18:56.967 INFO [main] org.apache.jasper.servlet.TldScanner.scanJars At least one JAR was scanned for TLDs yet contained no TLDs. Enable debug logging for this logger for a complete list of JARs that were scanned but no TLDs were found in them. Skipping unneeded JARs during scanning can improve startup time and JSP compilation time.
04-Mar-2026 22:18:57.061 INFO [main] org.apache.catalina.startup.HostConfig.deployDirectory Deployment of web application directory [C:\Users\ADMIN\Downloads\SmartLibrary-Management-System\webapps\examples] has finished in [1,282] ms
04-Mar-2026 22:18:57.061 INFO [main] org.apache.catalina.startup.HostConfig.deployDirectory Deploying web application directory [C:\Users\ADMIN\Downloads\SmartLibrary-Management-System\webapps\host-manager]
04-Mar-2026 22:18:57.279 INFO [main] org.apache.jasper.servlet.TldScanner.scanJars At least one JAR was scanned for TLDs yet contained no TLDs. Enable debug logging for this logger for a complete list of JARs that were scanned but no TLDs were found in them. Skipping unneeded JARs during scanning can improve startup time and JSP compilation time.
04-Mar-2026 22:18:57.295 INFO [main] org.apache.catalina.startup.HostConfig.deployDirectory Deployment of web application directory [C:\Users\ADMIN\Downloads\SmartLibrary-Management-System\webapps\host-manager] has finished in [234] ms
04-Mar-2026 22:18:57.295 INFO [main] org.apache.catalina.startup.HostConfig.deployDirectory Deploying web application directory [C:\Users\ADMIN\Downloads\SmartLibrary-Management-System\webapps\manager]
04-Mar-2026 22:18:57.498 INFO [main] org.apache.jasper.servlet.TldScanner.scanJars At least one JAR was scanned for TLDs yet contained no TLDs. Enable debug logging for this logger for a complete list of JARs that were scanned but no TLDs were found in them. Skipping unneeded JARs during scanning can improve startup time and JSP compilation time.
04-Mar-2026 22:18:57.514 INFO [main] org.apache.catalina.startup.HostConfig.deployDirectory Deployment of web application directory [C:\Users\ADMIN\Downloads\SmartLibrary-Management-System\webapps\manager] has finished in [219] ms
04-Mar-2026 22:18:57.514 INFO [main] org.apache.catalina.startup.HostConfig.deployDirectory Deploying web application directory [C:\Users\ADMIN\Downloads\SmartLibrary-Management-System\webapps\ROOT]
04-Mar-2026 22:18:57.733 INFO [main] org.apache.jasper.servlet.TldScanner.scanJars At least one JAR was scanned for TLDs yet contained no TLDs. Enable debug logging for this logger for a complete list of JARs that were scanned but no TLDs were found in them. Skipping unneeded JARs during scanning can improve startup time and JSP compilation time.
04-Mar-2026 22:18:57.748 INFO [main] org.apache.catalina.startup.HostConfig.deployDirectory Deployment of web application directory [C:\Users\ADMIN\Downloads\SmartLibrary-Management-System\webapps\ROOT] has finished in [234] ms
04-Mar-2026 22:18:57.748 INFO [main] org.apache.coyote.AbstractProtocol.start Starting ProtocolHandler ["http-nio-8080"]
04-Mar-2026 22:18:57.873 INFO [main] org.apache.catalina.startup.Catalina.start Server startup in [4728] milliseconds
