19-Feb-2026 10:54:54.300 INFO [main] org.apache.catalina.startup.VersionLoggerListener.log Server version name:   Apache Tomcat/10.1.24
19-Feb-2026 10:54:54.304 INFO [main] org.apache.catalina.startup.VersionLoggerListener.log Server built:          May 9 2024 17:41:23 UTC
19-Feb-2026 10:54:54.304 INFO [main] org.apache.catalina.startup.VersionLoggerListener.log Server version number: 10.1.24.0
19-Feb-2026 10:54:54.304 INFO [main] org.apache.catalina.startup.VersionLoggerListener.log OS Name:               Linux
19-Feb-2026 10:54:54.304 INFO [main] org.apache.catalina.startup.VersionLoggerListener.log OS Version:            5.14.0-611.5.1.el9_7.x86_64
19-Feb-2026 10:54:54.304 INFO [main] org.apache.catalina.startup.VersionLoggerListener.log Architecture:          amd64
19-Feb-2026 10:54:54.304 INFO [main] org.apache.catalina.startup.VersionLoggerListener.log Java Home:             /usr/lib/jvm/java-17-openjdk-17.0.18.0.8-1.el9.x86_64
19-Feb-2026 10:54:54.305 INFO [main] org.apache.catalina.startup.VersionLoggerListener.log JVM Version:           17.0.18+8-LTS
19-Feb-2026 10:54:54.305 INFO [main] org.apache.catalina.startup.VersionLoggerListener.log JVM Vendor:            Red Hat, Inc.
19-Feb-2026 10:54:54.305 INFO [main] org.apache.catalina.startup.VersionLoggerListener.log CATALINA_BASE:         /root/Downloads/software/apache-tomcat-10.1.24
19-Feb-2026 10:54:54.305 INFO [main] org.apache.catalina.startup.VersionLoggerListener.log CATALINA_HOME:         /root/Downloads/software/apache-tomcat-10.1.24
19-Feb-2026 10:54:54.321 INFO [main] org.apache.catalina.startup.VersionLoggerListener.log Command line argument: -Djava.util.logging.config.file=/root/Downloads/software/apache-tomcat-10.1.24/conf/logging.properties
19-Feb-2026 10:54:54.321 INFO [main] org.apache.catalina.startup.VersionLoggerListener.log Command line argument: -Djava.util.logging.manager=org.apache.juli.ClassLoaderLogManager
19-Feb-2026 10:54:54.321 INFO [main] org.apache.catalina.startup.VersionLoggerListener.log Command line argument: -Djdk.tls.ephemeralDHKeySize=2048
19-Feb-2026 10:54:54.321 INFO [main] org.apache.catalina.startup.VersionLoggerListener.log Command line argument: -Djava.protocol.handler.pkgs=org.apache.catalina.webresources
19-Feb-2026 10:54:54.321 INFO [main] org.apache.catalina.startup.VersionLoggerListener.log Command line argument: -Dorg.apache.catalina.security.SecurityListener.UMASK=0027
19-Feb-2026 10:54:54.321 INFO [main] org.apache.catalina.startup.VersionLoggerListener.log Command line argument: --add-opens=java.base/java.lang=ALL-UNNAMED
19-Feb-2026 10:54:54.322 INFO [main] org.apache.catalina.startup.VersionLoggerListener.log Command line argument: --add-opens=java.base/java.io=ALL-UNNAMED
19-Feb-2026 10:54:54.322 INFO [main] org.apache.catalina.startup.VersionLoggerListener.log Command line argument: --add-opens=java.base/java.util=ALL-UNNAMED
19-Feb-2026 10:54:54.322 INFO [main] org.apache.catalina.startup.VersionLoggerListener.log Command line argument: --add-opens=java.base/java.util.concurrent=ALL-UNNAMED
19-Feb-2026 10:54:54.322 INFO [main] org.apache.catalina.startup.VersionLoggerListener.log Command line argument: --add-opens=java.rmi/sun.rmi.transport=ALL-UNNAMED
19-Feb-2026 10:54:54.322 INFO [main] org.apache.catalina.startup.VersionLoggerListener.log Command line argument: -Dcatalina.base=/root/Downloads/software/apache-tomcat-10.1.24
19-Feb-2026 10:54:54.322 INFO [main] org.apache.catalina.startup.VersionLoggerListener.log Command line argument: -Dcatalina.home=/root/Downloads/software/apache-tomcat-10.1.24
19-Feb-2026 10:54:54.322 INFO [main] org.apache.catalina.startup.VersionLoggerListener.log Command line argument: -Djava.io.tmpdir=/root/Downloads/software/apache-tomcat-10.1.24/temp
19-Feb-2026 10:54:54.323 INFO [main] org.apache.catalina.core.AprLifecycleListener.lifecycleEvent The Apache Tomcat Native library which allows using OpenSSL was not found on the java.library.path: [/usr/java/packages/lib:/usr/lib64:/lib64:/lib:/usr/lib]
19-Feb-2026 10:54:54.635 INFO [main] org.apache.coyote.AbstractProtocol.init Initializing ProtocolHandler ["http-nio-8080"]
19-Feb-2026 10:54:54.667 INFO [main] org.apache.catalina.startup.Catalina.load Server initialization in [680] milliseconds
19-Feb-2026 10:54:54.738 INFO [main] org.apache.catalina.core.StandardService.startInternal Starting service [Catalina]
19-Feb-2026 10:54:54.739 INFO [main] org.apache.catalina.core.StandardEngine.startInternal Starting Servlet engine: [Apache Tomcat/10.1.24]
19-Feb-2026 10:54:54.765 INFO [main] org.apache.catalina.startup.HostConfig.deployWAR Deploying web application archive [/root/Downloads/software/apache-tomcat-10.1.24/webapps/SmartLibrary.war]
19-Feb-2026 10:54:55.391 INFO [main] org.apache.jasper.servlet.TldScanner.scanJars At least one JAR was scanned for TLDs yet contained no TLDs. Enable debug logging for this logger for a complete list of JARs that were scanned but no TLDs were found in them. Skipping unneeded JARs during scanning can improve startup time and JSP compilation time.
19-Feb-2026 10:54:55.497 INFO [main] org.apache.catalina.startup.HostConfig.deployWAR Deployment of web application archive [/root/Downloads/software/apache-tomcat-10.1.24/webapps/SmartLibrary.war] has finished in [732] ms
19-Feb-2026 10:54:55.498 INFO [main] org.apache.catalina.startup.HostConfig.deployDirectory Deploying web application directory [/root/Downloads/software/apache-tomcat-10.1.24/webapps/ROOT]
19-Feb-2026 10:54:55.528 INFO [main] org.apache.catalina.startup.HostConfig.deployDirectory Deployment of web application directory [/root/Downloads/software/apache-tomcat-10.1.24/webapps/ROOT] has finished in [30] ms
19-Feb-2026 10:54:55.528 INFO [main] org.apache.catalina.startup.HostConfig.deployDirectory Deploying web application directory [/root/Downloads/software/apache-tomcat-10.1.24/webapps/docs]
19-Feb-2026 10:54:55.587 INFO [main] org.apache.catalina.startup.HostConfig.deployDirectory Deployment of web application directory [/root/Downloads/software/apache-tomcat-10.1.24/webapps/docs] has finished in [59] ms
19-Feb-2026 10:54:55.588 INFO [main] org.apache.catalina.startup.HostConfig.deployDirectory Deploying web application directory [/root/Downloads/software/apache-tomcat-10.1.24/webapps/examples]
19-Feb-2026 10:54:56.125 INFO [main] org.apache.catalina.startup.HostConfig.deployDirectory Deployment of web application directory [/root/Downloads/software/apache-tomcat-10.1.24/webapps/examples] has finished in [537] ms
19-Feb-2026 10:54:56.126 INFO [main] org.apache.catalina.startup.HostConfig.deployDirectory Deploying web application directory [/root/Downloads/software/apache-tomcat-10.1.24/webapps/host-manager]
19-Feb-2026 10:54:56.173 INFO [main] org.apache.catalina.startup.HostConfig.deployDirectory Deployment of web application directory [/root/Downloads/software/apache-tomcat-10.1.24/webapps/host-manager] has finished in [46] ms
19-Feb-2026 10:54:56.173 INFO [main] org.apache.catalina.startup.HostConfig.deployDirectory Deploying web application directory [/root/Downloads/software/apache-tomcat-10.1.24/webapps/manager]
19-Feb-2026 10:54:56.211 INFO [main] org.apache.catalina.startup.HostConfig.deployDirectory Deployment of web application directory [/root/Downloads/software/apache-tomcat-10.1.24/webapps/manager] has finished in [37] ms
19-Feb-2026 10:54:56.214 INFO [main] org.apache.coyote.AbstractProtocol.start Starting ProtocolHandler ["http-nio-8080"]
19-Feb-2026 10:54:56.226 INFO [main] org.apache.catalina.startup.Catalina.start Server startup in [1558] milliseconds
19-Feb-2026 10:58:51.048 INFO [main] org.apache.catalina.startup.VersionLoggerListener.log Server version name:   Apache Tomcat/10.1.24
19-Feb-2026 10:58:51.058 INFO [main] org.apache.catalina.startup.VersionLoggerListener.log Server built:          May 9 2024 17:41:23 UTC
19-Feb-2026 10:58:51.058 INFO [main] org.apache.catalina.startup.VersionLoggerListener.log Server version number: 10.1.24.0
19-Feb-2026 10:58:51.058 INFO [main] org.apache.catalina.startup.VersionLoggerListener.log OS Name:               Linux
19-Feb-2026 10:58:51.058 INFO [main] org.apache.catalina.startup.VersionLoggerListener.log OS Version:            5.14.0-611.5.1.el9_7.x86_64
19-Feb-2026 10:58:51.058 INFO [main] org.apache.catalina.startup.VersionLoggerListener.log Architecture:          amd64
19-Feb-2026 10:58:51.058 INFO [main] org.apache.catalina.startup.VersionLoggerListener.log Java Home:             /usr/lib/jvm/java-17-openjdk-17.0.18.0.8-1.el9.x86_64
19-Feb-2026 10:58:51.058 INFO [main] org.apache.catalina.startup.VersionLoggerListener.log JVM Version:           17.0.18+8-LTS
19-Feb-2026 10:58:51.059 INFO [main] org.apache.catalina.startup.VersionLoggerListener.log JVM Vendor:            Red Hat, Inc.
19-Feb-2026 10:58:51.059 INFO [main] org.apache.catalina.startup.VersionLoggerListener.log CATALINA_BASE:         /root/Downloads/SmartLibrary/apache-tomcat-10.1.24
19-Feb-2026 10:58:51.059 INFO [main] org.apache.catalina.startup.VersionLoggerListener.log CATALINA_HOME:         /root/Downloads/SmartLibrary/apache-tomcat-10.1.24
19-Feb-2026 10:58:51.070 INFO [main] org.apache.catalina.startup.VersionLoggerListener.log Command line argument: -Djava.util.logging.config.file=/root/Downloads/SmartLibrary/apache-tomcat-10.1.24/conf/logging.properties
19-Feb-2026 10:58:51.071 INFO [main] org.apache.catalina.startup.VersionLoggerListener.log Command line argument: -Djava.util.logging.manager=org.apache.juli.ClassLoaderLogManager
19-Feb-2026 10:58:51.071 INFO [main] org.apache.catalina.startup.VersionLoggerListener.log Command line argument: -Djdk.tls.ephemeralDHKeySize=2048
19-Feb-2026 10:58:51.071 INFO [main] org.apache.catalina.startup.VersionLoggerListener.log Command line argument: -Djava.protocol.handler.pkgs=org.apache.catalina.webresources
19-Feb-2026 10:58:51.079 INFO [main] org.apache.catalina.startup.VersionLoggerListener.log Command line argument: -Dorg.apache.catalina.security.SecurityListener.UMASK=0027
19-Feb-2026 10:58:51.079 INFO [main] org.apache.catalina.startup.VersionLoggerListener.log Command line argument: --add-opens=java.base/java.lang=ALL-UNNAMED
19-Feb-2026 10:58:51.080 INFO [main] org.apache.catalina.startup.VersionLoggerListener.log Command line argument: --add-opens=java.base/java.io=ALL-UNNAMED
19-Feb-2026 10:58:51.080 INFO [main] org.apache.catalina.startup.VersionLoggerListener.log Command line argument: --add-opens=java.base/java.util=ALL-UNNAMED
19-Feb-2026 10:58:51.080 INFO [main] org.apache.catalina.startup.VersionLoggerListener.log Command line argument: --add-opens=java.base/java.util.concurrent=ALL-UNNAMED
19-Feb-2026 10:58:51.080 INFO [main] org.apache.catalina.startup.VersionLoggerListener.log Command line argument: --add-opens=java.rmi/sun.rmi.transport=ALL-UNNAMED
19-Feb-2026 10:58:51.080 INFO [main] org.apache.catalina.startup.VersionLoggerListener.log Command line argument: -Dcatalina.base=/root/Downloads/SmartLibrary/apache-tomcat-10.1.24
19-Feb-2026 10:58:51.080 INFO [main] org.apache.catalina.startup.VersionLoggerListener.log Command line argument: -Dcatalina.home=/root/Downloads/SmartLibrary/apache-tomcat-10.1.24
19-Feb-2026 10:58:51.080 INFO [main] org.apache.catalina.startup.VersionLoggerListener.log Command line argument: -Djava.io.tmpdir=/root/Downloads/SmartLibrary/apache-tomcat-10.1.24/temp
19-Feb-2026 10:58:51.081 INFO [main] org.apache.catalina.core.AprLifecycleListener.lifecycleEvent The Apache Tomcat Native library which allows using OpenSSL was not found on the java.library.path: [/usr/java/packages/lib:/usr/lib64:/lib64:/lib:/usr/lib]
19-Feb-2026 10:58:51.406 INFO [main] org.apache.coyote.AbstractProtocol.init Initializing ProtocolHandler ["http-nio-8080"]
19-Feb-2026 10:58:51.427 INFO [main] org.apache.catalina.startup.Catalina.load Server initialization in [628] milliseconds
19-Feb-2026 10:58:51.472 INFO [main] org.apache.catalina.core.StandardService.startInternal Starting service [Catalina]
19-Feb-2026 10:58:51.473 INFO [main] org.apache.catalina.core.StandardEngine.startInternal Starting Servlet engine: [Apache Tomcat/10.1.24]
19-Feb-2026 10:58:51.501 INFO [main] org.apache.catalina.startup.HostConfig.deployWAR Deploying web application archive [/root/Downloads/SmartLibrary/apache-tomcat-10.1.24/webapps/SmartLibrary.war]
19-Feb-2026 10:58:51.525 INFO [main] org.apache.catalina.startup.ExpandWar.expand An expanded directory [/root/Downloads/SmartLibrary/apache-tomcat-10.1.24/webapps/SmartLibrary] was found with a last modified time that did not match the associated WAR. It will be deleted.
19-Feb-2026 10:58:52.091 INFO [main] org.apache.jasper.servlet.TldScanner.scanJars At least one JAR was scanned for TLDs yet contained no TLDs. Enable debug logging for this logger for a complete list of JARs that were scanned but no TLDs were found in them. Skipping unneeded JARs during scanning can improve startup time and JSP compilation time.
19-Feb-2026 10:58:52.170 INFO [main] org.apache.catalina.startup.HostConfig.deployWAR Deployment of web application archive [/root/Downloads/SmartLibrary/apache-tomcat-10.1.24/webapps/SmartLibrary.war] has finished in [668] ms
19-Feb-2026 10:58:52.171 INFO [main] org.apache.catalina.startup.HostConfig.deployDirectory Deploying web application directory [/root/Downloads/SmartLibrary/apache-tomcat-10.1.24/webapps/ROOT]
19-Feb-2026 10:58:52.190 INFO [main] org.apache.catalina.startup.HostConfig.deployDirectory Deployment of web application directory [/root/Downloads/SmartLibrary/apache-tomcat-10.1.24/webapps/ROOT] has finished in [20] ms
19-Feb-2026 10:58:52.191 INFO [main] org.apache.catalina.startup.HostConfig.deployDirectory Deploying web application directory [/root/Downloads/SmartLibrary/apache-tomcat-10.1.24/webapps/examples]
19-Feb-2026 10:58:52.463 INFO [main] org.apache.catalina.startup.HostConfig.deployDirectory Deployment of web application directory [/root/Downloads/SmartLibrary/apache-tomcat-10.1.24/webapps/examples] has finished in [271] ms
19-Feb-2026 10:58:52.463 INFO [main] org.apache.catalina.startup.HostConfig.deployDirectory Deploying web application directory [/root/Downloads/SmartLibrary/apache-tomcat-10.1.24/webapps/host-manager]
19-Feb-2026 10:58:52.500 INFO [main] org.apache.catalina.startup.HostConfig.deployDirectory Deployment of web application directory [/root/Downloads/SmartLibrary/apache-tomcat-10.1.24/webapps/host-manager] has finished in [37] ms
19-Feb-2026 10:58:52.500 INFO [main] org.apache.catalina.startup.HostConfig.deployDirectory Deploying web application directory [/root/Downloads/SmartLibrary/apache-tomcat-10.1.24/webapps/docs]
19-Feb-2026 10:58:52.518 INFO [main] org.apache.catalina.startup.HostConfig.deployDirectory Deployment of web application directory [/root/Downloads/SmartLibrary/apache-tomcat-10.1.24/webapps/docs] has finished in [17] ms
19-Feb-2026 10:58:52.518 INFO [main] org.apache.catalina.startup.HostConfig.deployDirectory Deploying web application directory [/root/Downloads/SmartLibrary/apache-tomcat-10.1.24/webapps/manager]
19-Feb-2026 10:58:52.541 INFO [main] org.apache.catalina.startup.HostConfig.deployDirectory Deployment of web application directory [/root/Downloads/SmartLibrary/apache-tomcat-10.1.24/webapps/manager] has finished in [23] ms
19-Feb-2026 10:58:52.548 INFO [main] org.apache.coyote.AbstractProtocol.start Starting ProtocolHandler ["http-nio-8080"]
19-Feb-2026 10:58:52.566 INFO [main] org.apache.catalina.startup.Catalina.start Server startup in [1138] milliseconds
19-Feb-2026 11:04:09.285 INFO [main] org.apache.catalina.core.StandardServer.await A valid shutdown command was received via the shutdown port. Stopping the Server instance.
19-Feb-2026 11:04:09.286 INFO [main] org.apache.coyote.AbstractProtocol.pause Pausing ProtocolHandler ["http-nio-8080"]
19-Feb-2026 11:04:09.288 INFO [main] org.apache.catalina.core.StandardService.stopInternal Stopping service [Catalina]
19-Feb-2026 11:04:09.309 WARNING [main] org.apache.catalina.loader.WebappClassLoaderBase.clearReferencesJdbc The web application [SmartLibrary] registered the JDBC driver [org.postgresql.Driver] but failed to unregister it when the web application was stopped. To prevent a memory leak, the JDBC Driver has been forcibly unregistered.
19-Feb-2026 11:04:09.315 INFO [main] org.apache.coyote.AbstractProtocol.stop Stopping ProtocolHandler ["http-nio-8080"]
19-Feb-2026 11:04:09.323 INFO [main] org.apache.coyote.AbstractProtocol.destroy Destroying ProtocolHandler ["http-nio-8080"]
19-Feb-2026 11:04:17.457 INFO [main] org.apache.catalina.startup.VersionLoggerListener.log Server version name:   Apache Tomcat/10.1.24
19-Feb-2026 11:04:17.463 INFO [main] org.apache.catalina.startup.VersionLoggerListener.log Server built:          May 9 2024 17:41:23 UTC
19-Feb-2026 11:04:17.463 INFO [main] org.apache.catalina.startup.VersionLoggerListener.log Server version number: 10.1.24.0
19-Feb-2026 11:04:17.463 INFO [main] org.apache.catalina.startup.VersionLoggerListener.log OS Name:               Linux
19-Feb-2026 11:04:17.463 INFO [main] org.apache.catalina.startup.VersionLoggerListener.log OS Version:            5.14.0-611.5.1.el9_7.x86_64
19-Feb-2026 11:04:17.464 INFO [main] org.apache.catalina.startup.VersionLoggerListener.log Architecture:          amd64
19-Feb-2026 11:04:17.464 INFO [main] org.apache.catalina.startup.VersionLoggerListener.log Java Home:             /usr/lib/jvm/java-17-openjdk-17.0.18.0.8-1.el9.x86_64
19-Feb-2026 11:04:17.464 INFO [main] org.apache.catalina.startup.VersionLoggerListener.log JVM Version:           17.0.18+8-LTS
19-Feb-2026 11:04:17.464 INFO [main] org.apache.catalina.startup.VersionLoggerListener.log JVM Vendor:            Red Hat, Inc.
19-Feb-2026 11:04:17.464 INFO [main] org.apache.catalina.startup.VersionLoggerListener.log CATALINA_BASE:         /root/Downloads/apache-tomcat-10.1.24
19-Feb-2026 11:04:17.464 INFO [main] org.apache.catalina.startup.VersionLoggerListener.log CATALINA_HOME:         /root/Downloads/apache-tomcat-10.1.24
19-Feb-2026 11:04:17.493 INFO [main] org.apache.catalina.startup.VersionLoggerListener.log Command line argument: -Djava.util.logging.config.file=/root/Downloads/apache-tomcat-10.1.24/conf/logging.properties
19-Feb-2026 11:04:17.494 INFO [main] org.apache.catalina.startup.VersionLoggerListener.log Command line argument: -Djava.util.logging.manager=org.apache.juli.ClassLoaderLogManager
19-Feb-2026 11:04:17.494 INFO [main] org.apache.catalina.startup.VersionLoggerListener.log Command line argument: -Djdk.tls.ephemeralDHKeySize=2048
19-Feb-2026 11:04:17.494 INFO [main] org.apache.catalina.startup.VersionLoggerListener.log Command line argument: -Djava.protocol.handler.pkgs=org.apache.catalina.webresources
19-Feb-2026 11:04:17.494 INFO [main] org.apache.catalina.startup.VersionLoggerListener.log Command line argument: -Dorg.apache.catalina.security.SecurityListener.UMASK=0027
19-Feb-2026 11:04:17.494 INFO [main] org.apache.catalina.startup.VersionLoggerListener.log Command line argument: --add-opens=java.base/java.lang=ALL-UNNAMED
19-Feb-2026 11:04:17.494 INFO [main] org.apache.catalina.startup.VersionLoggerListener.log Command line argument: --add-opens=java.base/java.io=ALL-UNNAMED
19-Feb-2026 11:04:17.494 INFO [main] org.apache.catalina.startup.VersionLoggerListener.log Command line argument: --add-opens=java.base/java.util=ALL-UNNAMED
19-Feb-2026 11:04:17.495 INFO [main] org.apache.catalina.startup.VersionLoggerListener.log Command line argument: --add-opens=java.base/java.util.concurrent=ALL-UNNAMED
19-Feb-2026 11:04:17.495 INFO [main] org.apache.catalina.startup.VersionLoggerListener.log Command line argument: --add-opens=java.rmi/sun.rmi.transport=ALL-UNNAMED
19-Feb-2026 11:04:17.495 INFO [main] org.apache.catalina.startup.VersionLoggerListener.log Command line argument: -Dcatalina.base=/root/Downloads/apache-tomcat-10.1.24
19-Feb-2026 11:04:17.495 INFO [main] org.apache.catalina.startup.VersionLoggerListener.log Command line argument: -Dcatalina.home=/root/Downloads/apache-tomcat-10.1.24
19-Feb-2026 11:04:17.496 INFO [main] org.apache.catalina.startup.VersionLoggerListener.log Command line argument: -Djava.io.tmpdir=/root/Downloads/apache-tomcat-10.1.24/temp
19-Feb-2026 11:04:17.497 INFO [main] org.apache.catalina.core.AprLifecycleListener.lifecycleEvent The Apache Tomcat Native library which allows using OpenSSL was not found on the java.library.path: [/usr/java/packages/lib:/usr/lib64:/lib64:/lib:/usr/lib]
19-Feb-2026 11:04:17.811 INFO [main] org.apache.coyote.AbstractProtocol.init Initializing ProtocolHandler ["http-nio-8080"]
19-Feb-2026 11:04:17.835 INFO [main] org.apache.catalina.startup.Catalina.load Server initialization in [586] milliseconds
19-Feb-2026 11:04:17.887 INFO [main] org.apache.catalina.core.StandardService.startInternal Starting service [Catalina]
19-Feb-2026 11:04:17.887 INFO [main] org.apache.catalina.core.StandardEngine.startInternal Starting Servlet engine: [Apache Tomcat/10.1.24]
19-Feb-2026 11:04:17.915 INFO [main] org.apache.catalina.startup.HostConfig.deployWAR Deploying web application archive [/root/Downloads/apache-tomcat-10.1.24/webapps/SmartLibrary.war]
19-Feb-2026 11:04:18.385 INFO [main] org.apache.jasper.servlet.TldScanner.scanJars At least one JAR was scanned for TLDs yet contained no TLDs. Enable debug logging for this logger for a complete list of JARs that were scanned but no TLDs were found in them. Skipping unneeded JARs during scanning can improve startup time and JSP compilation time.
19-Feb-2026 11:04:18.441 INFO [main] org.apache.catalina.startup.HostConfig.deployWAR Deployment of web application archive [/root/Downloads/apache-tomcat-10.1.24/webapps/SmartLibrary.war] has finished in [526] ms
19-Feb-2026 11:04:18.442 INFO [main] org.apache.catalina.startup.HostConfig.deployDirectory Deploying web application directory [/root/Downloads/apache-tomcat-10.1.24/webapps/ROOT]
19-Feb-2026 11:04:18.548 INFO [main] org.apache.jasper.servlet.TldScanner.scanJars At least one JAR was scanned for TLDs yet contained no TLDs. Enable debug logging for this logger for a complete list of JARs that were scanned but no TLDs were found in them. Skipping unneeded JARs during scanning can improve startup time and JSP compilation time.
19-Feb-2026 11:04:18.552 INFO [main] org.apache.catalina.startup.HostConfig.deployDirectory Deployment of web application directory [/root/Downloads/apache-tomcat-10.1.24/webapps/ROOT] has finished in [110] ms
19-Feb-2026 11:04:18.552 INFO [main] org.apache.catalina.startup.HostConfig.deployDirectory Deploying web application directory [/root/Downloads/apache-tomcat-10.1.24/webapps/examples]
19-Feb-2026 11:04:18.795 INFO [main] org.apache.jasper.servlet.TldScanner.scanJars At least one JAR was scanned for TLDs yet contained no TLDs. Enable debug logging for this logger for a complete list of JARs that were scanned but no TLDs were found in them. Skipping unneeded JARs during scanning can improve startup time and JSP compilation time.
19-Feb-2026 11:04:18.857 INFO [main] org.apache.catalina.startup.HostConfig.deployDirectory Deployment of web application directory [/root/Downloads/apache-tomcat-10.1.24/webapps/examples] has finished in [304] ms
19-Feb-2026 11:04:18.858 INFO [main] org.apache.catalina.startup.HostConfig.deployDirectory Deploying web application directory [/root/Downloads/apache-tomcat-10.1.24/webapps/host-manager]
19-Feb-2026 11:04:18.941 INFO [main] org.apache.jasper.servlet.TldScanner.scanJars At least one JAR was scanned for TLDs yet contained no TLDs. Enable debug logging for this logger for a complete list of JARs that were scanned but no TLDs were found in them. Skipping unneeded JARs during scanning can improve startup time and JSP compilation time.
19-Feb-2026 11:04:18.945 INFO [main] org.apache.catalina.startup.HostConfig.deployDirectory Deployment of web application directory [/root/Downloads/apache-tomcat-10.1.24/webapps/host-manager] has finished in [87] ms
19-Feb-2026 11:04:18.946 INFO [main] org.apache.catalina.startup.HostConfig.deployDirectory Deploying web application directory [/root/Downloads/apache-tomcat-10.1.24/webapps/docs]
19-Feb-2026 11:04:19.027 INFO [main] org.apache.jasper.servlet.TldScanner.scanJars At least one JAR was scanned for TLDs yet contained no TLDs. Enable debug logging for this logger for a complete list of JARs that were scanned but no TLDs were found in them. Skipping unneeded JARs during scanning can improve startup time and JSP compilation time.
19-Feb-2026 11:04:19.029 INFO [main] org.apache.catalina.startup.HostConfig.deployDirectory Deployment of web application directory [/root/Downloads/apache-tomcat-10.1.24/webapps/docs] has finished in [83] ms
19-Feb-2026 11:04:19.029 INFO [main] org.apache.catalina.startup.HostConfig.deployDirectory Deploying web application directory [/root/Downloads/apache-tomcat-10.1.24/webapps/manager]
19-Feb-2026 11:04:19.117 INFO [main] org.apache.jasper.servlet.TldScanner.scanJars At least one JAR was scanned for TLDs yet contained no TLDs. Enable debug logging for this logger for a complete list of JARs that were scanned but no TLDs were found in them. Skipping unneeded JARs during scanning can improve startup time and JSP compilation time.
19-Feb-2026 11:04:19.123 INFO [main] org.apache.catalina.startup.HostConfig.deployDirectory Deployment of web application directory [/root/Downloads/apache-tomcat-10.1.24/webapps/manager] has finished in [94] ms
19-Feb-2026 11:04:19.130 INFO [main] org.apache.coyote.AbstractProtocol.start Starting ProtocolHandler ["http-nio-8080"]
19-Feb-2026 11:04:19.143 INFO [main] org.apache.catalina.startup.Catalina.start Server startup in [1308] milliseconds
23-Feb-2026 16:45:03.132 INFO [main] org.apache.catalina.startup.VersionLoggerListener.log Server version name:   Apache Tomcat/10.1.24
23-Feb-2026 16:45:03.231 INFO [main] org.apache.catalina.startup.VersionLoggerListener.log Server built:          May 9 2024 17:41:23 UTC
23-Feb-2026 16:45:03.231 INFO [main] org.apache.catalina.startup.VersionLoggerListener.log Server version number: 10.1.24.0
23-Feb-2026 16:45:03.231 INFO [main] org.apache.catalina.startup.VersionLoggerListener.log OS Name:               Linux
23-Feb-2026 16:45:03.231 INFO [main] org.apache.catalina.startup.VersionLoggerListener.log OS Version:            5.14.0-611.5.1.el9_7.x86_64
23-Feb-2026 16:45:03.232 INFO [main] org.apache.catalina.startup.VersionLoggerListener.log Architecture:          amd64
23-Feb-2026 16:45:03.232 INFO [main] org.apache.catalina.startup.VersionLoggerListener.log Java Home:             /usr/lib/jvm/java-17-openjdk-17.0.18.0.8-1.el9.x86_64
23-Feb-2026 16:45:03.232 INFO [main] org.apache.catalina.startup.VersionLoggerListener.log JVM Version:           17.0.18+8-LTS
23-Feb-2026 16:45:03.232 INFO [main] org.apache.catalina.startup.VersionLoggerListener.log JVM Vendor:            Red Hat, Inc.
23-Feb-2026 16:45:03.232 INFO [main] org.apache.catalina.startup.VersionLoggerListener.log CATALINA_BASE:         /root/Downloads/apache-tomcat-10.1.24
23-Feb-2026 16:45:03.232 INFO [main] org.apache.catalina.startup.VersionLoggerListener.log CATALINA_HOME:         /root/Downloads/apache-tomcat-10.1.24
23-Feb-2026 16:45:03.349 INFO [main] org.apache.catalina.startup.VersionLoggerListener.log Command line argument: -Djava.util.logging.config.file=/root/Downloads/apache-tomcat-10.1.24/conf/logging.properties
23-Feb-2026 16:45:03.350 INFO [main] org.apache.catalina.startup.VersionLoggerListener.log Command line argument: -Djava.util.logging.manager=org.apache.juli.ClassLoaderLogManager
23-Feb-2026 16:45:03.350 INFO [main] org.apache.catalina.startup.VersionLoggerListener.log Command line argument: -Djdk.tls.ephemeralDHKeySize=2048
23-Feb-2026 16:45:03.352 INFO [main] org.apache.catalina.startup.VersionLoggerListener.log Command line argument: -Djava.protocol.handler.pkgs=org.apache.catalina.webresources
23-Feb-2026 16:45:03.352 INFO [main] org.apache.catalina.startup.VersionLoggerListener.log Command line argument: -Dorg.apache.catalina.security.SecurityListener.UMASK=0027
23-Feb-2026 16:45:03.352 INFO [main] org.apache.catalina.startup.VersionLoggerListener.log Command line argument: --add-opens=java.base/java.lang=ALL-UNNAMED
23-Feb-2026 16:45:03.352 INFO [main] org.apache.catalina.startup.VersionLoggerListener.log Command line argument: --add-opens=java.base/java.io=ALL-UNNAMED
23-Feb-2026 16:45:03.352 INFO [main] org.apache.catalina.startup.VersionLoggerListener.log Command line argument: --add-opens=java.base/java.util=ALL-UNNAMED
23-Feb-2026 16:45:03.353 INFO [main] org.apache.catalina.startup.VersionLoggerListener.log Command line argument: --add-opens=java.base/java.util.concurrent=ALL-UNNAMED
23-Feb-2026 16:45:03.353 INFO [main] org.apache.catalina.startup.VersionLoggerListener.log Command line argument: --add-opens=java.rmi/sun.rmi.transport=ALL-UNNAMED
23-Feb-2026 16:45:03.353 INFO [main] org.apache.catalina.startup.VersionLoggerListener.log Command line argument: -Dcatalina.base=/root/Downloads/apache-tomcat-10.1.24
23-Feb-2026 16:45:03.353 INFO [main] org.apache.catalina.startup.VersionLoggerListener.log Command line argument: -Dcatalina.home=/root/Downloads/apache-tomcat-10.1.24
23-Feb-2026 16:45:03.353 INFO [main] org.apache.catalina.startup.VersionLoggerListener.log Command line argument: -Djava.io.tmpdir=/root/Downloads/apache-tomcat-10.1.24/temp
23-Feb-2026 16:45:03.355 INFO [main] org.apache.catalina.core.AprLifecycleListener.lifecycleEvent The Apache Tomcat Native library which allows using OpenSSL was not found on the java.library.path: [/usr/java/packages/lib:/usr/lib64:/lib64:/lib:/usr/lib]
23-Feb-2026 16:45:04.852 INFO [main] org.apache.coyote.AbstractProtocol.init Initializing ProtocolHandler ["http-nio-8080"]
23-Feb-2026 16:45:05.098 INFO [main] org.apache.catalina.startup.Catalina.load Server initialization in [3114] milliseconds
23-Feb-2026 16:45:05.397 INFO [main] org.apache.catalina.core.StandardService.startInternal Starting service [Catalina]
23-Feb-2026 16:45:05.397 INFO [main] org.apache.catalina.core.StandardEngine.startInternal Starting Servlet engine: [Apache Tomcat/10.1.24]
23-Feb-2026 16:45:05.538 INFO [main] org.apache.catalina.startup.HostConfig.deployWAR Deploying web application archive [/root/Downloads/apache-tomcat-10.1.24/webapps/SmartLibrary.war]
23-Feb-2026 16:45:08.918 INFO [main] org.apache.jasper.servlet.TldScanner.scanJars At least one JAR was scanned for TLDs yet contained no TLDs. Enable debug logging for this logger for a complete list of JARs that were scanned but no TLDs were found in them. Skipping unneeded JARs during scanning can improve startup time and JSP compilation time.
23-Feb-2026 16:45:09.356 WARNING [main] org.apache.catalina.util.SessionIdGeneratorBase.createSecureRandom Creation of SecureRandom instance for session ID generation using [SHA1PRNG] took [292] milliseconds.
23-Feb-2026 16:45:09.473 INFO [main] org.apache.catalina.startup.HostConfig.deployWAR Deployment of web application archive [/root/Downloads/apache-tomcat-10.1.24/webapps/SmartLibrary.war] has finished in [3,936] ms
23-Feb-2026 16:45:09.473 INFO [main] org.apache.catalina.startup.HostConfig.deployDirectory Deploying web application directory [/root/Downloads/apache-tomcat-10.1.24/webapps/ROOT]
23-Feb-2026 16:45:09.596 INFO [main] org.apache.jasper.servlet.TldScanner.scanJars At least one JAR was scanned for TLDs yet contained no TLDs. Enable debug logging for this logger for a complete list of JARs that were scanned but no TLDs were found in them. Skipping unneeded JARs during scanning can improve startup time and JSP compilation time.
23-Feb-2026 16:45:09.598 INFO [main] org.apache.catalina.startup.HostConfig.deployDirectory Deployment of web application directory [/root/Downloads/apache-tomcat-10.1.24/webapps/ROOT] has finished in [125] ms
23-Feb-2026 16:45:09.599 INFO [main] org.apache.catalina.startup.HostConfig.deployDirectory Deploying web application directory [/root/Downloads/apache-tomcat-10.1.24/webapps/examples]
23-Feb-2026 16:45:10.015 INFO [main] org.apache.jasper.servlet.TldScanner.scanJars At least one JAR was scanned for TLDs yet contained no TLDs. Enable debug logging for this logger for a complete list of JARs that were scanned but no TLDs were found in them. Skipping unneeded JARs during scanning can improve startup time and JSP compilation time.
23-Feb-2026 16:45:10.059 INFO [main] org.apache.catalina.startup.HostConfig.deployDirectory Deployment of web application directory [/root/Downloads/apache-tomcat-10.1.24/webapps/examples] has finished in [460] ms
23-Feb-2026 16:45:10.060 INFO [main] org.apache.catalina.startup.HostConfig.deployDirectory Deploying web application directory [/root/Downloads/apache-tomcat-10.1.24/webapps/host-manager]
23-Feb-2026 16:45:10.177 INFO [main] org.apache.jasper.servlet.TldScanner.scanJars At least one JAR was scanned for TLDs yet contained no TLDs. Enable debug logging for this logger for a complete list of JARs that were scanned but no TLDs were found in them. Skipping unneeded JARs during scanning can improve startup time and JSP compilation time.
23-Feb-2026 16:45:10.182 INFO [main] org.apache.catalina.startup.HostConfig.deployDirectory Deployment of web application directory [/root/Downloads/apache-tomcat-10.1.24/webapps/host-manager] has finished in [122] ms
23-Feb-2026 16:45:10.182 INFO [main] org.apache.catalina.startup.HostConfig.deployDirectory Deploying web application directory [/root/Downloads/apache-tomcat-10.1.24/webapps/docs]
23-Feb-2026 16:45:10.315 INFO [main] org.apache.jasper.servlet.TldScanner.scanJars At least one JAR was scanned for TLDs yet contained no TLDs. Enable debug logging for this logger for a complete list of JARs that were scanned but no TLDs were found in them. Skipping unneeded JARs during scanning can improve startup time and JSP compilation time.
23-Feb-2026 16:45:10.316 INFO [main] org.apache.catalina.startup.HostConfig.deployDirectory Deployment of web application directory [/root/Downloads/apache-tomcat-10.1.24/webapps/docs] has finished in [134] ms
23-Feb-2026 16:45:10.317 INFO [main] org.apache.catalina.startup.HostConfig.deployDirectory Deploying web application directory [/root/Downloads/apache-tomcat-10.1.24/webapps/manager]
23-Feb-2026 16:45:10.488 INFO [main] org.apache.jasper.servlet.TldScanner.scanJars At least one JAR was scanned for TLDs yet contained no TLDs. Enable debug logging for this logger for a complete list of JARs that were scanned but no TLDs were found in them. Skipping unneeded JARs during scanning can improve startup time and JSP compilation time.
23-Feb-2026 16:45:10.492 INFO [main] org.apache.catalina.startup.HostConfig.deployDirectory Deployment of web application directory [/root/Downloads/apache-tomcat-10.1.24/webapps/manager] has finished in [176] ms
23-Feb-2026 16:45:10.497 INFO [main] org.apache.coyote.AbstractProtocol.start Starting ProtocolHandler ["http-nio-8080"]
23-Feb-2026 16:45:10.591 INFO [main] org.apache.catalina.startup.Catalina.start Server startup in [5492] milliseconds
23-Feb-2026 16:45:10.948 INFO [main] org.apache.catalina.startup.VersionLoggerListener.log Server version name:   Apache Tomcat/10.1.24
23-Feb-2026 16:45:10.952 INFO [main] org.apache.catalina.startup.VersionLoggerListener.log Server built:          May 9 2024 17:41:23 UTC
23-Feb-2026 16:45:10.953 INFO [main] org.apache.catalina.startup.VersionLoggerListener.log Server version number: 10.1.24.0
23-Feb-2026 16:45:10.953 INFO [main] org.apache.catalina.startup.VersionLoggerListener.log OS Name:               Linux
23-Feb-2026 16:45:10.953 INFO [main] org.apache.catalina.startup.VersionLoggerListener.log OS Version:            5.14.0-611.5.1.el9_7.x86_64
23-Feb-2026 16:45:10.954 INFO [main] org.apache.catalina.startup.VersionLoggerListener.log Architecture:          amd64
23-Feb-2026 16:45:10.954 INFO [main] org.apache.catalina.startup.VersionLoggerListener.log Java Home:             /usr/lib/jvm/java-17-openjdk-17.0.18.0.8-1.el9.x86_64
23-Feb-2026 16:45:10.955 INFO [main] org.apache.catalina.startup.VersionLoggerListener.log JVM Version:           17.0.18+8-LTS
23-Feb-2026 16:45:10.955 INFO [main] org.apache.catalina.startup.VersionLoggerListener.log JVM Vendor:            Red Hat, Inc.
23-Feb-2026 16:45:10.955 INFO [main] org.apache.catalina.startup.VersionLoggerListener.log CATALINA_BASE:         /root/Downloads/apache-tomcat-10.1.24
23-Feb-2026 16:45:10.955 INFO [main] org.apache.catalina.startup.VersionLoggerListener.log CATALINA_HOME:         /root/Downloads/apache-tomcat-10.1.24
23-Feb-2026 16:45:10.964 INFO [main] org.apache.catalina.startup.VersionLoggerListener.log Command line argument: -Djava.util.logging.config.file=/root/Downloads/apache-tomcat-10.1.24/conf/logging.properties
23-Feb-2026 16:45:10.964 INFO [main] org.apache.catalina.startup.VersionLoggerListener.log Command line argument: -Djava.util.logging.manager=org.apache.juli.ClassLoaderLogManager
23-Feb-2026 16:45:10.965 INFO [main] org.apache.catalina.startup.VersionLoggerListener.log Command line argument: -Djdk.tls.ephemeralDHKeySize=2048
23-Feb-2026 16:45:10.965 INFO [main] org.apache.catalina.startup.VersionLoggerListener.log Command line argument: -Djava.protocol.handler.pkgs=org.apache.catalina.webresources
23-Feb-2026 16:45:10.965 INFO [main] org.apache.catalina.startup.VersionLoggerListener.log Command line argument: -Dorg.apache.catalina.security.SecurityListener.UMASK=0027
23-Feb-2026 16:45:10.965 INFO [main] org.apache.catalina.startup.VersionLoggerListener.log Command line argument: --add-opens=java.base/java.lang=ALL-UNNAMED
23-Feb-2026 16:45:10.965 INFO [main] org.apache.catalina.startup.VersionLoggerListener.log Command line argument: --add-opens=java.base/java.io=ALL-UNNAMED
23-Feb-2026 16:45:10.965 INFO [main] org.apache.catalina.startup.VersionLoggerListener.log Command line argument: --add-opens=java.base/java.util=ALL-UNNAMED
23-Feb-2026 16:45:10.965 INFO [main] org.apache.catalina.startup.VersionLoggerListener.log Command line argument: --add-opens=java.base/java.util.concurrent=ALL-UNNAMED
23-Feb-2026 16:45:10.966 INFO [main] org.apache.catalina.startup.VersionLoggerListener.log Command line argument: --add-opens=java.rmi/sun.rmi.transport=ALL-UNNAMED
23-Feb-2026 16:45:10.966 INFO [main] org.apache.catalina.startup.VersionLoggerListener.log Command line argument: -Dcatalina.base=/root/Downloads/apache-tomcat-10.1.24
23-Feb-2026 16:45:10.966 INFO [main] org.apache.catalina.startup.VersionLoggerListener.log Command line argument: -Dcatalina.home=/root/Downloads/apache-tomcat-10.1.24
23-Feb-2026 16:45:10.966 INFO [main] org.apache.catalina.startup.VersionLoggerListener.log Command line argument: -Djava.io.tmpdir=/root/Downloads/apache-tomcat-10.1.24/temp
23-Feb-2026 16:45:10.968 INFO [main] org.apache.catalina.core.AprLifecycleListener.lifecycleEvent The Apache Tomcat Native library which allows using OpenSSL was not found on the java.library.path: [/usr/java/packages/lib:/usr/lib64:/lib64:/lib:/usr/lib]
23-Feb-2026 16:45:11.230 INFO [main] org.apache.coyote.AbstractProtocol.init Initializing ProtocolHandler ["http-nio-8080"]
23-Feb-2026 16:45:11.243 SEVERE [main] org.apache.catalina.util.LifecycleBase.handleSubClassException Failed to initialize component [Connector["http-nio-8080"]]
	org.apache.catalina.LifecycleException: Protocol handler initialization failed
		at org.apache.catalina.connector.Connector.initInternal(Connector.java:1016)
		at org.apache.catalina.util.LifecycleBase.init(LifecycleBase.java:127)
		at org.apache.catalina.core.StandardService.initInternal(StandardService.java:525)
		at org.apache.catalina.util.LifecycleBase.init(LifecycleBase.java:127)
		at org.apache.catalina.core.StandardServer.initInternal(StandardServer.java:961)
		at org.apache.catalina.util.LifecycleBase.init(LifecycleBase.java:127)
		at org.apache.catalina.startup.Catalina.load(Catalina.java:708)
		at org.apache.catalina.startup.Catalina.load(Catalina.java:731)
		at java.base/jdk.internal.reflect.NativeMethodAccessorImpl.invoke0(Native Method)
		at java.base/jdk.internal.reflect.NativeMethodAccessorImpl.invoke(NativeMethodAccessorImpl.java:77)
		at java.base/jdk.internal.reflect.DelegatingMethodAccessorImpl.invoke(DelegatingMethodAccessorImpl.java:43)
		at java.base/java.lang.reflect.Method.invoke(Method.java:569)
		at org.apache.catalina.startup.Bootstrap.load(Bootstrap.java:302)
		at org.apache.catalina.startup.Bootstrap.main(Bootstrap.java:472)
	Caused by: java.net.BindException: Address already in use
		at java.base/sun.nio.ch.Net.bind0(Native Method)
		at java.base/sun.nio.ch.Net.bind(Net.java:567)
		at java.base/sun.nio.ch.ServerSocketChannelImpl.netBind(ServerSocketChannelImpl.java:337)
		at java.base/sun.nio.ch.ServerSocketChannelImpl.bind(ServerSocketChannelImpl.java:294)
		at org.apache.tomcat.util.net.NioEndpoint.initServerSocket(NioEndpoint.java:239)
		at org.apache.tomcat.util.net.NioEndpoint.bind(NioEndpoint.java:194)
		at org.apache.tomcat.util.net.AbstractEndpoint.bindWithCleanup(AbstractEndpoint.java:1286)
		at org.apache.tomcat.util.net.AbstractEndpoint.init(AbstractEndpoint.java:1299)
		at org.apache.coyote.AbstractProtocol.init(AbstractProtocol.java:624)
		at org.apache.coyote.http11.AbstractHttp11Protocol.init(AbstractHttp11Protocol.java:77)
		at org.apache.catalina.connector.Connector.initInternal(Connector.java:1014)
		... 13 more
23-Feb-2026 16:45:11.255 INFO [main] org.apache.catalina.startup.Catalina.load Server initialization in [546] milliseconds
23-Feb-2026 16:45:11.292 INFO [main] org.apache.catalina.core.StandardService.startInternal Starting service [Catalina]
23-Feb-2026 16:45:11.292 INFO [main] org.apache.catalina.core.StandardEngine.startInternal Starting Servlet engine: [Apache Tomcat/10.1.24]
23-Feb-2026 16:45:11.310 INFO [main] org.apache.catalina.startup.HostConfig.deployWAR Deploying web application archive [/root/Downloads/apache-tomcat-10.1.24/webapps/SmartLibrary.war]
23-Feb-2026 16:45:11.696 INFO [main] org.apache.jasper.servlet.TldScanner.scanJars At least one JAR was scanned for TLDs yet contained no TLDs. Enable debug logging for this logger for a complete list of JARs that were scanned but no TLDs were found in them. Skipping unneeded JARs during scanning can improve startup time and JSP compilation time.
23-Feb-2026 16:45:11.757 INFO [main] org.apache.catalina.startup.HostConfig.deployWAR Deployment of web application archive [/root/Downloads/apache-tomcat-10.1.24/webapps/SmartLibrary.war] has finished in [447] ms
23-Feb-2026 16:45:11.758 INFO [main] org.apache.catalina.startup.HostConfig.deployDirectory Deploying web application directory [/root/Downloads/apache-tomcat-10.1.24/webapps/ROOT]
23-Feb-2026 16:45:11.849 INFO [main] org.apache.jasper.servlet.TldScanner.scanJars At least one JAR was scanned for TLDs yet contained no TLDs. Enable debug logging for this logger for a complete list of JARs that were scanned but no TLDs were found in them. Skipping unneeded JARs during scanning can improve startup time and JSP compilation time.
23-Feb-2026 16:45:11.851 INFO [main] org.apache.catalina.startup.HostConfig.deployDirectory Deployment of web application directory [/root/Downloads/apache-tomcat-10.1.24/webapps/ROOT] has finished in [93] ms
23-Feb-2026 16:45:11.851 INFO [main] org.apache.catalina.startup.HostConfig.deployDirectory Deploying web application directory [/root/Downloads/apache-tomcat-10.1.24/webapps/examples]
23-Feb-2026 16:45:12.083 INFO [main] org.apache.jasper.servlet.TldScanner.scanJars At least one JAR was scanned for TLDs yet contained no TLDs. Enable debug logging for this logger for a complete list of JARs that were scanned but no TLDs were found in them. Skipping unneeded JARs during scanning can improve startup time and JSP compilation time.
23-Feb-2026 16:45:12.124 INFO [main] org.apache.catalina.startup.HostConfig.deployDirectory Deployment of web application directory [/root/Downloads/apache-tomcat-10.1.24/webapps/examples] has finished in [273] ms
23-Feb-2026 16:45:12.124 INFO [main] org.apache.catalina.startup.HostConfig.deployDirectory Deploying web application directory [/root/Downloads/apache-tomcat-10.1.24/webapps/host-manager]
23-Feb-2026 16:45:12.206 INFO [main] org.apache.jasper.servlet.TldScanner.scanJars At least one JAR was scanned for TLDs yet contained no TLDs. Enable debug logging for this logger for a complete list of JARs that were scanned but no TLDs were found in them. Skipping unneeded JARs during scanning can improve startup time and JSP compilation time.
23-Feb-2026 16:45:12.210 INFO [main] org.apache.catalina.startup.HostConfig.deployDirectory Deployment of web application directory [/root/Downloads/apache-tomcat-10.1.24/webapps/host-manager] has finished in [86] ms
23-Feb-2026 16:45:12.211 INFO [main] org.apache.catalina.startup.HostConfig.deployDirectory Deploying web application directory [/root/Downloads/apache-tomcat-10.1.24/webapps/docs]
23-Feb-2026 16:45:12.288 INFO [main] org.apache.jasper.servlet.TldScanner.scanJars At least one JAR was scanned for TLDs yet contained no TLDs. Enable debug logging for this logger for a complete list of JARs that were scanned but no TLDs were found in them. Skipping unneeded JARs during scanning can improve startup time and JSP compilation time.
23-Feb-2026 16:45:12.290 INFO [main] org.apache.catalina.startup.HostConfig.deployDirectory Deployment of web application directory [/root/Downloads/apache-tomcat-10.1.24/webapps/docs] has finished in [79] ms
23-Feb-2026 16:45:12.291 INFO [main] org.apache.catalina.startup.HostConfig.deployDirectory Deploying web application directory [/root/Downloads/apache-tomcat-10.1.24/webapps/manager]
23-Feb-2026 16:45:12.368 INFO [main] org.apache.jasper.servlet.TldScanner.scanJars At least one JAR was scanned for TLDs yet contained no TLDs. Enable debug logging for this logger for a complete list of JARs that were scanned but no TLDs were found in them. Skipping unneeded JARs during scanning can improve startup time and JSP compilation time.
23-Feb-2026 16:45:12.370 INFO [main] org.apache.catalina.startup.HostConfig.deployDirectory Deployment of web application directory [/root/Downloads/apache-tomcat-10.1.24/webapps/manager] has finished in [80] ms
23-Feb-2026 16:45:12.376 INFO [main] org.apache.catalina.startup.Catalina.start Server startup in [1119] milliseconds
23-Feb-2026 16:45:12.390 SEVERE [main] org.apache.catalina.core.StandardServer.await Failed to create server shutdown socket on address [localhost] and port [8005] (base port [8005] and offset [0])
	java.net.BindException: Address already in use
		at java.base/sun.nio.ch.Net.bind0(Native Method)
		at java.base/sun.nio.ch.Net.bind(Net.java:567)
		at java.base/sun.nio.ch.Net.bind(Net.java:556)
		at java.base/sun.nio.ch.NioSocketImpl.bind(NioSocketImpl.java:648)
		at java.base/java.net.ServerSocket.bind(ServerSocket.java:388)
		at java.base/java.net.ServerSocket.<init>(ServerSocket.java:274)
		at org.apache.catalina.core.StandardServer.await(StandardServer.java:537)
		at org.apache.catalina.startup.Catalina.await(Catalina.java:847)
		at org.apache.catalina.startup.Catalina.start(Catalina.java:795)
		at java.base/jdk.internal.reflect.NativeMethodAccessorImpl.invoke0(Native Method)
		at java.base/jdk.internal.reflect.NativeMethodAccessorImpl.invoke(NativeMethodAccessorImpl.java:77)
		at java.base/jdk.internal.reflect.DelegatingMethodAccessorImpl.invoke(DelegatingMethodAccessorImpl.java:43)
		at java.base/java.lang.reflect.Method.invoke(Method.java:569)
		at org.apache.catalina.startup.Bootstrap.start(Bootstrap.java:345)
		at org.apache.catalina.startup.Bootstrap.main(Bootstrap.java:473)
23-Feb-2026 16:45:12.391 INFO [main] org.apache.coyote.AbstractProtocol.pause Pausing ProtocolHandler ["http-nio-8080"]
23-Feb-2026 16:45:12.391 INFO [main] org.apache.catalina.core.StandardService.stopInternal Stopping service [Catalina]
23-Feb-2026 16:45:12.500 INFO [main] org.apache.coyote.AbstractProtocol.stop Stopping ProtocolHandler ["http-nio-8080"]
23-Feb-2026 16:45:12.502 INFO [main] org.apache.coyote.AbstractProtocol.destroy Destroying ProtocolHandler ["http-nio-8080"]
23-Feb-2026 18:39:13.109 INFO [main] org.apache.catalina.startup.VersionLoggerListener.log Server version name:   Apache Tomcat/10.1.24
23-Feb-2026 18:39:13.263 INFO [main] org.apache.catalina.startup.VersionLoggerListener.log Server built:          May 9 2024 17:41:23 UTC
23-Feb-2026 18:39:13.263 INFO [main] org.apache.catalina.startup.VersionLoggerListener.log Server version number: 10.1.24.0
23-Feb-2026 18:39:13.264 INFO [main] org.apache.catalina.startup.VersionLoggerListener.log OS Name:               Linux
23-Feb-2026 18:39:13.264 INFO [main] org.apache.catalina.startup.VersionLoggerListener.log OS Version:            5.14.0-611.5.1.el9_7.x86_64
23-Feb-2026 18:39:13.264 INFO [main] org.apache.catalina.startup.VersionLoggerListener.log Architecture:          amd64
23-Feb-2026 18:39:13.264 INFO [main] org.apache.catalina.startup.VersionLoggerListener.log Java Home:             /usr/lib/jvm/java-17-openjdk-17.0.18.0.8-1.el9.x86_64
23-Feb-2026 18:39:13.264 INFO [main] org.apache.catalina.startup.VersionLoggerListener.log JVM Version:           17.0.18+8-LTS
23-Feb-2026 18:39:13.264 INFO [main] org.apache.catalina.startup.VersionLoggerListener.log JVM Vendor:            Red Hat, Inc.
23-Feb-2026 18:39:13.265 INFO [main] org.apache.catalina.startup.VersionLoggerListener.log CATALINA_BASE:         /root/Downloads/apache-tomcat-10.1.24
23-Feb-2026 18:39:13.265 INFO [main] org.apache.catalina.startup.VersionLoggerListener.log CATALINA_HOME:         /root/Downloads/apache-tomcat-10.1.24
23-Feb-2026 18:39:13.524 INFO [main] org.apache.catalina.startup.VersionLoggerListener.log Command line argument: -Djava.util.logging.config.file=/root/Downloads/apache-tomcat-10.1.24/conf/logging.properties
23-Feb-2026 18:39:13.524 INFO [main] org.apache.catalina.startup.VersionLoggerListener.log Command line argument: -Djava.util.logging.manager=org.apache.juli.ClassLoaderLogManager
23-Feb-2026 18:39:13.525 INFO [main] org.apache.catalina.startup.VersionLoggerListener.log Command line argument: -Djdk.tls.ephemeralDHKeySize=2048
23-Feb-2026 18:39:13.614 INFO [main] org.apache.catalina.startup.VersionLoggerListener.log Command line argument: -Djava.protocol.handler.pkgs=org.apache.catalina.webresources
23-Feb-2026 18:39:13.614 INFO [main] org.apache.catalina.startup.VersionLoggerListener.log Command line argument: -Dorg.apache.catalina.security.SecurityListener.UMASK=0027
23-Feb-2026 18:39:13.614 INFO [main] org.apache.catalina.startup.VersionLoggerListener.log Command line argument: --add-opens=java.base/java.lang=ALL-UNNAMED
23-Feb-2026 18:39:13.614 INFO [main] org.apache.catalina.startup.VersionLoggerListener.log Command line argument: --add-opens=java.base/java.io=ALL-UNNAMED
23-Feb-2026 18:39:13.615 INFO [main] org.apache.catalina.startup.VersionLoggerListener.log Command line argument: --add-opens=java.base/java.util=ALL-UNNAMED
23-Feb-2026 18:39:13.615 INFO [main] org.apache.catalina.startup.VersionLoggerListener.log Command line argument: --add-opens=java.base/java.util.concurrent=ALL-UNNAMED
23-Feb-2026 18:39:13.615 INFO [main] org.apache.catalina.startup.VersionLoggerListener.log Command line argument: --add-opens=java.rmi/sun.rmi.transport=ALL-UNNAMED
23-Feb-2026 18:39:13.616 INFO [main] org.apache.catalina.startup.VersionLoggerListener.log Command line argument: -Dcatalina.base=/root/Downloads/apache-tomcat-10.1.24
23-Feb-2026 18:39:13.616 INFO [main] org.apache.catalina.startup.VersionLoggerListener.log Command line argument: -Dcatalina.home=/root/Downloads/apache-tomcat-10.1.24
23-Feb-2026 18:39:13.616 INFO [main] org.apache.catalina.startup.VersionLoggerListener.log Command line argument: -Djava.io.tmpdir=/root/Downloads/apache-tomcat-10.1.24/temp
23-Feb-2026 18:39:13.618 INFO [main] org.apache.catalina.core.AprLifecycleListener.lifecycleEvent The Apache Tomcat Native library which allows using OpenSSL was not found on the java.library.path: [/usr/java/packages/lib:/usr/lib64:/lib64:/lib:/usr/lib]
23-Feb-2026 18:39:15.596 INFO [main] org.apache.coyote.AbstractProtocol.init Initializing ProtocolHandler ["http-nio-8080"]
23-Feb-2026 18:39:16.554 SEVERE [main] org.apache.catalina.util.LifecycleBase.handleSubClassException Failed to initialize component [Connector["http-nio-8080"]]
	org.apache.catalina.LifecycleException: Protocol handler initialization failed
		at org.apache.catalina.connector.Connector.initInternal(Connector.java:1016)
		at org.apache.catalina.util.LifecycleBase.init(LifecycleBase.java:127)
		at org.apache.catalina.core.StandardService.initInternal(StandardService.java:525)
		at org.apache.catalina.util.LifecycleBase.init(LifecycleBase.java:127)
		at org.apache.catalina.core.StandardServer.initInternal(StandardServer.java:961)
		at org.apache.catalina.util.LifecycleBase.init(LifecycleBase.java:127)
		at org.apache.catalina.startup.Catalina.load(Catalina.java:708)
		at org.apache.catalina.startup.Catalina.load(Catalina.java:731)
		at java.base/jdk.internal.reflect.NativeMethodAccessorImpl.invoke0(Native Method)
		at java.base/jdk.internal.reflect.NativeMethodAccessorImpl.invoke(NativeMethodAccessorImpl.java:77)
		at java.base/jdk.internal.reflect.DelegatingMethodAccessorImpl.invoke(DelegatingMethodAccessorImpl.java:43)
		at java.base/java.lang.reflect.Method.invoke(Method.java:569)
		at org.apache.catalina.startup.Bootstrap.load(Bootstrap.java:302)
		at org.apache.catalina.startup.Bootstrap.main(Bootstrap.java:472)
	Caused by: java.net.BindException: Address already in use
		at java.base/sun.nio.ch.Net.bind0(Native Method)
		at java.base/sun.nio.ch.Net.bind(Net.java:567)
		at java.base/sun.nio.ch.ServerSocketChannelImpl.netBind(ServerSocketChannelImpl.java:337)
		at java.base/sun.nio.ch.ServerSocketChannelImpl.bind(ServerSocketChannelImpl.java:294)
		at org.apache.tomcat.util.net.NioEndpoint.initServerSocket(NioEndpoint.java:239)
		at org.apache.tomcat.util.net.NioEndpoint.bind(NioEndpoint.java:194)
		at org.apache.tomcat.util.net.AbstractEndpoint.bindWithCleanup(AbstractEndpoint.java:1286)
		at org.apache.tomcat.util.net.AbstractEndpoint.init(AbstractEndpoint.java:1299)
		at org.apache.coyote.AbstractProtocol.init(AbstractProtocol.java:624)
		at org.apache.coyote.http11.AbstractHttp11Protocol.init(AbstractHttp11Protocol.java:77)
		at org.apache.catalina.connector.Connector.initInternal(Connector.java:1014)
		... 13 more
23-Feb-2026 18:39:16.577 INFO [main] org.apache.catalina.startup.Catalina.load Server initialization in [6413] milliseconds
23-Feb-2026 18:39:17.617 INFO [main] org.apache.catalina.core.StandardService.startInternal Starting service [Catalina]
23-Feb-2026 18:39:17.619 INFO [main] org.apache.catalina.core.StandardEngine.startInternal Starting Servlet engine: [Apache Tomcat/10.1.24]
23-Feb-2026 18:39:18.056 INFO [main] org.apache.catalina.startup.HostConfig.deployWAR Deploying web application archive [/root/Downloads/apache-tomcat-10.1.24/webapps/SmartLibrary.war]
23-Feb-2026 18:39:26.880 INFO [main] org.apache.jasper.servlet.TldScanner.scanJars At least one JAR was scanned for TLDs yet contained no TLDs. Enable debug logging for this logger for a complete list of JARs that were scanned but no TLDs were found in them. Skipping unneeded JARs during scanning can improve startup time and JSP compilation time.
23-Feb-2026 18:39:30.183 WARNING [main] org.apache.catalina.util.SessionIdGeneratorBase.createSecureRandom Creation of SecureRandom instance for session ID generation using [SHA1PRNG] took [2,397] milliseconds.
23-Feb-2026 18:39:31.371 INFO [main] org.apache.catalina.startup.HostConfig.deployWAR Deployment of web application archive [/root/Downloads/apache-tomcat-10.1.24/webapps/SmartLibrary.war] has finished in [13,314] ms
23-Feb-2026 18:39:31.374 INFO [main] org.apache.catalina.startup.HostConfig.deployDirectory Deploying web application directory [/root/Downloads/apache-tomcat-10.1.24/webapps/ROOT]
23-Feb-2026 18:39:31.711 INFO [main] org.apache.jasper.servlet.TldScanner.scanJars At least one JAR was scanned for TLDs yet contained no TLDs. Enable debug logging for this logger for a complete list of JARs that were scanned but no TLDs were found in them. Skipping unneeded JARs during scanning can improve startup time and JSP compilation time.
23-Feb-2026 18:39:31.713 INFO [main] org.apache.catalina.startup.HostConfig.deployDirectory Deployment of web application directory [/root/Downloads/apache-tomcat-10.1.24/webapps/ROOT] has finished in [340] ms
23-Feb-2026 18:39:31.713 INFO [main] org.apache.catalina.startup.HostConfig.deployDirectory Deploying web application directory [/root/Downloads/apache-tomcat-10.1.24/webapps/examples]
23-Feb-2026 18:39:38.299 INFO [main] org.apache.jasper.servlet.TldScanner.scanJars At least one JAR was scanned for TLDs yet contained no TLDs. Enable debug logging for this logger for a complete list of JARs that were scanned but no TLDs were found in them. Skipping unneeded JARs during scanning can improve startup time and JSP compilation time.
23-Feb-2026 18:39:38.631 INFO [main] org.apache.catalina.startup.HostConfig.deployDirectory Deployment of web application directory [/root/Downloads/apache-tomcat-10.1.24/webapps/examples] has finished in [6,918] ms
23-Feb-2026 18:39:38.632 INFO [main] org.apache.catalina.startup.HostConfig.deployDirectory Deploying web application directory [/root/Downloads/apache-tomcat-10.1.24/webapps/host-manager]
23-Feb-2026 18:39:39.063 INFO [main] org.apache.jasper.servlet.TldScanner.scanJars At least one JAR was scanned for TLDs yet contained no TLDs. Enable debug logging for this logger for a complete list of JARs that were scanned but no TLDs were found in them. Skipping unneeded JARs during scanning can improve startup time and JSP compilation time.
23-Feb-2026 18:39:39.069 INFO [main] org.apache.catalina.startup.HostConfig.deployDirectory Deployment of web application directory [/root/Downloads/apache-tomcat-10.1.24/webapps/host-manager] has finished in [436] ms
23-Feb-2026 18:39:39.069 INFO [main] org.apache.catalina.startup.HostConfig.deployDirectory Deploying web application directory [/root/Downloads/apache-tomcat-10.1.24/webapps/docs]
23-Feb-2026 18:39:39.482 INFO [main] org.apache.jasper.servlet.TldScanner.scanJars At least one JAR was scanned for TLDs yet contained no TLDs. Enable debug logging for this logger for a complete list of JARs that were scanned but no TLDs were found in them. Skipping unneeded JARs during scanning can improve startup time and JSP compilation time.
23-Feb-2026 18:39:39.484 INFO [main] org.apache.catalina.startup.HostConfig.deployDirectory Deployment of web application directory [/root/Downloads/apache-tomcat-10.1.24/webapps/docs] has finished in [415] ms
23-Feb-2026 18:39:39.484 INFO [main] org.apache.catalina.startup.HostConfig.deployDirectory Deploying web application directory [/root/Downloads/apache-tomcat-10.1.24/webapps/manager]
23-Feb-2026 18:39:39.708 INFO [main] org.apache.jasper.servlet.TldScanner.scanJars At least one JAR was scanned for TLDs yet contained no TLDs. Enable debug logging for this logger for a complete list of JARs that were scanned but no TLDs were found in them. Skipping unneeded JARs during scanning can improve startup time and JSP compilation time.
23-Feb-2026 18:39:39.710 INFO [main] org.apache.catalina.startup.HostConfig.deployDirectory Deployment of web application directory [/root/Downloads/apache-tomcat-10.1.24/webapps/manager] has finished in [226] ms
23-Feb-2026 18:39:39.716 INFO [main] org.apache.catalina.startup.Catalina.start Server startup in [23138] milliseconds
23-Feb-2026 18:39:40.488 SEVERE [main] org.apache.catalina.core.StandardServer.await Failed to create server shutdown socket on address [localhost] and port [8005] (base port [8005] and offset [0])
	java.net.BindException: Address already in use
		at java.base/sun.nio.ch.Net.bind0(Native Method)
		at java.base/sun.nio.ch.Net.bind(Net.java:567)
		at java.base/sun.nio.ch.Net.bind(Net.java:556)
		at java.base/sun.nio.ch.NioSocketImpl.bind(NioSocketImpl.java:648)
		at java.base/java.net.ServerSocket.bind(ServerSocket.java:388)
		at java.base/java.net.ServerSocket.<init>(ServerSocket.java:274)
		at org.apache.catalina.core.StandardServer.await(StandardServer.java:537)
		at org.apache.catalina.startup.Catalina.await(Catalina.java:847)
		at org.apache.catalina.startup.Catalina.start(Catalina.java:795)
		at java.base/jdk.internal.reflect.NativeMethodAccessorImpl.invoke0(Native Method)
		at java.base/jdk.internal.reflect.NativeMethodAccessorImpl.invoke(NativeMethodAccessorImpl.java:77)
		at java.base/jdk.internal.reflect.DelegatingMethodAccessorImpl.invoke(DelegatingMethodAccessorImpl.java:43)
		at java.base/java.lang.reflect.Method.invoke(Method.java:569)
		at org.apache.catalina.startup.Bootstrap.start(Bootstrap.java:345)
		at org.apache.catalina.startup.Bootstrap.main(Bootstrap.java:473)
23-Feb-2026 18:39:40.491 INFO [main] org.apache.coyote.AbstractProtocol.pause Pausing ProtocolHandler ["http-nio-8080"]
23-Feb-2026 18:39:40.492 INFO [main] org.apache.catalina.core.StandardService.stopInternal Stopping service [Catalina]
23-Feb-2026 18:39:41.785 INFO [main] org.apache.coyote.AbstractProtocol.stop Stopping ProtocolHandler ["http-nio-8080"]
23-Feb-2026 18:39:41.788 INFO [main] org.apache.coyote.AbstractProtocol.destroy Destroying ProtocolHandler ["http-nio-8080"]
23-Feb-2026 20:24:33.424 INFO [Thread-1] org.apache.coyote.AbstractProtocol.pause Pausing ProtocolHandler ["http-nio-8080"]
23-Feb-2026 20:24:47.007 INFO [Thread-1] org.apache.catalina.core.StandardService.stopInternal Stopping service [Catalina]
23-Feb-2026 20:25:18.215 INFO [Thread-1] org.apache.coyote.AbstractProtocol.stop Stopping ProtocolHandler ["http-nio-8080"]
23-Feb-2026 20:25:18.868 WARNING [Thread-1] org.apache.tomcat.util.net.Acceptor.stopMillis The acceptor thread [http-nio-8080-Acceptor] did not stop cleanly
23-Feb-2026 20:25:24.948 INFO [Thread-1] org.apache.coyote.AbstractProtocol.destroy Destroying ProtocolHandler ["http-nio-8080"]
