19-Feb-2026 10:54:54.300 INFO [main] org.apache.catalina.startup.VersionLoggerListener.log Server version name:   Apache Tomcat/10.1.24
19-Feb-2026 10:54:54.304 INFO [main] org.apache.catalina.startup.VersionLoggerListener.log Server built:          May 9 2024 17:41:23 UTC
19-Feb-2026 10:54:54.304 INFO [main] org.apache.catalina.startup.VersionLoggerListener.log Server version number: 10.1.24.0
19-Feb-2026 10:54:54.304 INFO [main] org.apache.catalina.startup.VersionLoggerListener.log OS Name:               Linux
19-Feb-2026 10:54:54.304 INFO [main] org.apache.catalina.startup.VersionLoggerListener.log OS Version:            5.14.0-611.5.1.el9_7.x86_64
19-Feb-2026 10:54:54.304 INFO [main] org.apache.catalina.startup.VersionLoggerListener.log Architecture:          amd64
19-Feb-2026 10:54:54.304 INFO [main] org.apache.catalina.startup.VersionLoggerListener.log Java Home:             /usr/lib/jvm/java-17-openjdk-17.0.18.0.8-1.el9.x86_64
19-Feb-2026 10:54:54.305 INFO [main] org.apache.catalina.startup.VersionLoggerListener.log JVM Version:           17.0.18+8-LTS
19-Feb-2026 10:54:54.305 INFO [main] org.apache.catalina.startup.VersionLoggerListener.log JVM Vendor:            Red Hat, Inc.
19-Feb-2026 10:54:54.305 INFO [main] org.apache.catalina.startup.VersionLoggerListener.log CATALINA_BASE:         /root/Downloads/software/apache-tomcat-10.1.24
19-Feb-2026 10:54:54.305 INFO [main] org.apache.catalina.startup.VersionLoggerListener.log CATALINA_HOME:         /root/Downloads/software/apache-tomcat-10.1.24
19-Feb-2026 10:54:54.321 INFO [main] org.apache.catalina.startup.VersionLoggerListener.log Command line argument: -Djava.util.logging.config.file=/root/Downloads/software/apache-tomcat-10.1.24/conf/logging.properties
19-Feb-2026 10:54:54.321 INFO [main] org.apache.catalina.startup.VersionLoggerListener.log Command line argument: -Djava.util.logging.manager=org.apache.juli.ClassLoaderLogManager
19-Feb-2026 10:54:54.321 INFO [main] org.apache.catalina.startup.VersionLoggerListener.log Command line argument: -Djdk.tls.ephemeralDHKeySize=2048
19-Feb-2026 10:54:54.321 INFO [main] org.apache.catalina.startup.VersionLoggerListener.log Command line argument: -Djava.protocol.handler.pkgs=org.apache.catalina.webresources
19-Feb-2026 10:54:54.321 INFO [main] org.apache.catalina.startup.VersionLoggerListener.log Command line argument: -Dorg.apache.catalina.security.SecurityListener.UMASK=0027
19-Feb-2026 10:54:54.321 INFO [main] org.apache.catalina.startup.VersionLoggerListener.log Command line argument: --add-opens=java.base/java.lang=ALL-UNNAMED
19-Feb-2026 10:54:54.322 INFO [main] org.apache.catalina.startup.VersionLoggerListener.log Command line argument: --add-opens=java.base/java.io=ALL-UNNAMED
19-Feb-2026 10:54:54.322 INFO [main] org.apache.catalina.startup.VersionLoggerListener.log Command line argument: --add-opens=java.base/java.util=ALL-UNNAMED
19-Feb-2026 10:54:54.322 INFO [main] org.apache.catalina.startup.VersionLoggerListener.log Command line argument: --add-opens=java.base/java.util.concurrent=ALL-UNNAMED
19-Feb-2026 10:54:54.322 INFO [main] org.apache.catalina.startup.VersionLoggerListener.log Command line argument: --add-opens=java.rmi/sun.rmi.transport=ALL-UNNAMED
19-Feb-2026 10:54:54.322 INFO [main] org.apache.catalina.startup.VersionLoggerListener.log Command line argument: -Dcatalina.base=/root/Downloads/software/apache-tomcat-10.1.24
19-Feb-2026 10:54:54.322 INFO [main] org.apache.catalina.startup.VersionLoggerListener.log Command line argument: -Dcatalina.home=/root/Downloads/software/apache-tomcat-10.1.24
19-Feb-2026 10:54:54.322 INFO [main] org.apache.catalina.startup.VersionLoggerListener.log Command line argument: -Djava.io.tmpdir=/root/Downloads/software/apache-tomcat-10.1.24/temp
19-Feb-2026 10:54:54.323 INFO [main] org.apache.catalina.core.AprLifecycleListener.lifecycleEvent The Apache Tomcat Native library which allows using OpenSSL was not found on the java.library.path: [/usr/java/packages/lib:/usr/lib64:/lib64:/lib:/usr/lib]
19-Feb-2026 10:54:54.635 INFO [main] org.apache.coyote.AbstractProtocol.init Initializing ProtocolHandler ["http-nio-8080"]
19-Feb-2026 10:54:54.667 INFO [main] org.apache.catalina.startup.Catalina.load Server initialization in [680] milliseconds
19-Feb-2026 10:54:54.738 INFO [main] org.apache.catalina.core.StandardService.startInternal Starting service [Catalina]
19-Feb-2026 10:54:54.739 INFO [main] org.apache.catalina.core.StandardEngine.startInternal Starting Servlet engine: [Apache Tomcat/10.1.24]
19-Feb-2026 10:54:54.765 INFO [main] org.apache.catalina.startup.HostConfig.deployWAR Deploying web application archive [/root/Downloads/software/apache-tomcat-10.1.24/webapps/SmartLibrary.war]
19-Feb-2026 10:54:55.391 INFO [main] org.apache.jasper.servlet.TldScanner.scanJars At least one JAR was scanned for TLDs yet contained no TLDs. Enable debug logging for this logger for a complete list of JARs that were scanned but no TLDs were found in them. Skipping unneeded JARs during scanning can improve startup time and JSP compilation time.
19-Feb-2026 10:54:55.497 INFO [main] org.apache.catalina.startup.HostConfig.deployWAR Deployment of web application archive [/root/Downloads/software/apache-tomcat-10.1.24/webapps/SmartLibrary.war] has finished in [732] ms
19-Feb-2026 10:54:55.498 INFO [main] org.apache.catalina.startup.HostConfig.deployDirectory Deploying web application directory [/root/Downloads/software/apache-tomcat-10.1.24/webapps/ROOT]
19-Feb-2026 10:54:55.528 INFO [main] org.apache.catalina.startup.HostConfig.deployDirectory Deployment of web application directory [/root/Downloads/software/apache-tomcat-10.1.24/webapps/ROOT] has finished in [30] ms
19-Feb-2026 10:54:55.528 INFO [main] org.apache.catalina.startup.HostConfig.deployDirectory Deploying web application directory [/root/Downloads/software/apache-tomcat-10.1.24/webapps/docs]
19-Feb-2026 10:54:55.587 INFO [main] org.apache.catalina.startup.HostConfig.deployDirectory Deployment of web application directory [/root/Downloads/software/apache-tomcat-10.1.24/webapps/docs] has finished in [59] ms
19-Feb-2026 10:54:55.588 INFO [main] org.apache.catalina.startup.HostConfig.deployDirectory Deploying web application directory [/root/Downloads/software/apache-tomcat-10.1.24/webapps/examples]
19-Feb-2026 10:54:56.125 INFO [main] org.apache.catalina.startup.HostConfig.deployDirectory Deployment of web application directory [/root/Downloads/software/apache-tomcat-10.1.24/webapps/examples] has finished in [537] ms
19-Feb-2026 10:54:56.126 INFO [main] org.apache.catalina.startup.HostConfig.deployDirectory Deploying web application directory [/root/Downloads/software/apache-tomcat-10.1.24/webapps/host-manager]
19-Feb-2026 10:54:56.173 INFO [main] org.apache.catalina.startup.HostConfig.deployDirectory Deployment of web application directory [/root/Downloads/software/apache-tomcat-10.1.24/webapps/host-manager] has finished in [46] ms
19-Feb-2026 10:54:56.173 INFO [main] org.apache.catalina.startup.HostConfig.deployDirectory Deploying web application directory [/root/Downloads/software/apache-tomcat-10.1.24/webapps/manager]
19-Feb-2026 10:54:56.211 INFO [main] org.apache.catalina.startup.HostConfig.deployDirectory Deployment of web application directory [/root/Downloads/software/apache-tomcat-10.1.24/webapps/manager] has finished in [37] ms
19-Feb-2026 10:54:56.214 INFO [main] org.apache.coyote.AbstractProtocol.start Starting ProtocolHandler ["http-nio-8080"]
19-Feb-2026 10:54:56.226 INFO [main] org.apache.catalina.startup.Catalina.start Server startup in [1558] milliseconds
19-Feb-2026 10:58:51.048 INFO [main] org.apache.catalina.startup.VersionLoggerListener.log Server version name:   Apache Tomcat/10.1.24
19-Feb-2026 10:58:51.058 INFO [main] org.apache.catalina.startup.VersionLoggerListener.log Server built:          May 9 2024 17:41:23 UTC
19-Feb-2026 10:58:51.058 INFO [main] org.apache.catalina.startup.VersionLoggerListener.log Server version number: 10.1.24.0
19-Feb-2026 10:58:51.058 INFO [main] org.apache.catalina.startup.VersionLoggerListener.log OS Name:               Linux
19-Feb-2026 10:58:51.058 INFO [main] org.apache.catalina.startup.VersionLoggerListener.log OS Version:            5.14.0-611.5.1.el9_7.x86_64
19-Feb-2026 10:58:51.058 INFO [main] org.apache.catalina.startup.VersionLoggerListener.log Architecture:          amd64
19-Feb-2026 10:58:51.058 INFO [main] org.apache.catalina.startup.VersionLoggerListener.log Java Home:             /usr/lib/jvm/java-17-openjdk-17.0.18.0.8-1.el9.x86_64
19-Feb-2026 10:58:51.058 INFO [main] org.apache.catalina.startup.VersionLoggerListener.log JVM Version:           17.0.18+8-LTS
19-Feb-2026 10:58:51.059 INFO [main] org.apache.catalina.startup.VersionLoggerListener.log JVM Vendor:            Red Hat, Inc.
19-Feb-2026 10:58:51.059 INFO [main] org.apache.catalina.startup.VersionLoggerListener.log CATALINA_BASE:         /root/Downloads/SmartLibrary/apache-tomcat-10.1.24
19-Feb-2026 10:58:51.059 INFO [main] org.apache.catalina.startup.VersionLoggerListener.log CATALINA_HOME:         /root/Downloads/SmartLibrary/apache-tomcat-10.1.24
19-Feb-2026 10:58:51.070 INFO [main] org.apache.catalina.startup.VersionLoggerListener.log Command line argument: -Djava.util.logging.config.file=/root/Downloads/SmartLibrary/apache-tomcat-10.1.24/conf/logging.properties
19-Feb-2026 10:58:51.071 INFO [main] org.apache.catalina.startup.VersionLoggerListener.log Command line argument: -Djava.util.logging.manager=org.apache.juli.ClassLoaderLogManager
19-Feb-2026 10:58:51.071 INFO [main] org.apache.catalina.startup.VersionLoggerListener.log Command line argument: -Djdk.tls.ephemeralDHKeySize=2048
19-Feb-2026 10:58:51.071 INFO [main] org.apache.catalina.startup.VersionLoggerListener.log Command line argument: -Djava.protocol.handler.pkgs=org.apache.catalina.webresources
19-Feb-2026 10:58:51.079 INFO [main] org.apache.catalina.startup.VersionLoggerListener.log Command line argument: -Dorg.apache.catalina.security.SecurityListener.UMASK=0027
19-Feb-2026 10:58:51.079 INFO [main] org.apache.catalina.startup.VersionLoggerListener.log Command line argument: --add-opens=java.base/java.lang=ALL-UNNAMED
19-Feb-2026 10:58:51.080 INFO [main] org.apache.catalina.startup.VersionLoggerListener.log Command line argument: --add-opens=java.base/java.io=ALL-UNNAMED
19-Feb-2026 10:58:51.080 INFO [main] org.apache.catalina.startup.VersionLoggerListener.log Command line argument: --add-opens=java.base/java.util=ALL-UNNAMED
19-Feb-2026 10:58:51.080 INFO [main] org.apache.catalina.startup.VersionLoggerListener.log Command line argument: --add-opens=java.base/java.util.concurrent=ALL-UNNAMED
19-Feb-2026 10:58:51.080 INFO [main] org.apache.catalina.startup.VersionLoggerListener.log Command line argument: --add-opens=java.rmi/sun.rmi.transport=ALL-UNNAMED
19-Feb-2026 10:58:51.080 INFO [main] org.apache.catalina.startup.VersionLoggerListener.log Command line argument: -Dcatalina.base=/root/Downloads/SmartLibrary/apache-tomcat-10.1.24
19-Feb-2026 10:58:51.080 INFO [main] org.apache.catalina.startup.VersionLoggerListener.log Command line argument: -Dcatalina.home=/root/Downloads/SmartLibrary/apache-tomcat-10.1.24
19-Feb-2026 10:58:51.080 INFO [main] org.apache.catalina.startup.VersionLoggerListener.log Command line argument: -Djava.io.tmpdir=/root/Downloads/SmartLibrary/apache-tomcat-10.1.24/temp
19-Feb-2026 10:58:51.081 INFO [main] org.apache.catalina.core.AprLifecycleListener.lifecycleEvent The Apache Tomcat Native library which allows using OpenSSL was not found on the java.library.path: [/usr/java/packages/lib:/usr/lib64:/lib64:/lib:/usr/lib]
19-Feb-2026 10:58:51.406 INFO [main] org.apache.coyote.AbstractProtocol.init Initializing ProtocolHandler ["http-nio-8080"]
19-Feb-2026 10:58:51.427 INFO [main] org.apache.catalina.startup.Catalina.load Server initialization in [628] milliseconds
19-Feb-2026 10:58:51.472 INFO [main] org.apache.catalina.core.StandardService.startInternal Starting service [Catalina]
19-Feb-2026 10:58:51.473 INFO [main] org.apache.catalina.core.StandardEngine.startInternal Starting Servlet engine: [Apache Tomcat/10.1.24]
19-Feb-2026 10:58:51.501 INFO [main] org.apache.catalina.startup.HostConfig.deployWAR Deploying web application archive [/root/Downloads/SmartLibrary/apache-tomcat-10.1.24/webapps/SmartLibrary.war]
19-Feb-2026 10:58:51.525 INFO [main] org.apache.catalina.startup.ExpandWar.expand An expanded directory [/root/Downloads/SmartLibrary/apache-tomcat-10.1.24/webapps/SmartLibrary] was found with a last modified time that did not match the associated WAR. It will be deleted.
19-Feb-2026 10:58:52.091 INFO [main] org.apache.jasper.servlet.TldScanner.scanJars At least one JAR was scanned for TLDs yet contained no TLDs. Enable debug logging for this logger for a complete list of JARs that were scanned but no TLDs were found in them. Skipping unneeded JARs during scanning can improve startup time and JSP compilation time.
19-Feb-2026 10:58:52.170 INFO [main] org.apache.catalina.startup.HostConfig.deployWAR Deployment of web application archive [/root/Downloads/SmartLibrary/apache-tomcat-10.1.24/webapps/SmartLibrary.war] has finished in [668] ms
19-Feb-2026 10:58:52.171 INFO [main] org.apache.catalina.startup.HostConfig.deployDirectory Deploying web application directory [/root/Downloads/SmartLibrary/apache-tomcat-10.1.24/webapps/ROOT]
19-Feb-2026 10:58:52.190 INFO [main] org.apache.catalina.startup.HostConfig.deployDirectory Deployment of web application directory [/root/Downloads/SmartLibrary/apache-tomcat-10.1.24/webapps/ROOT] has finished in [20] ms
19-Feb-2026 10:58:52.191 INFO [main] org.apache.catalina.startup.HostConfig.deployDirectory Deploying web application directory [/root/Downloads/SmartLibrary/apache-tomcat-10.1.24/webapps/examples]
19-Feb-2026 10:58:52.463 INFO [main] org.apache.catalina.startup.HostConfig.deployDirectory Deployment of web application directory [/root/Downloads/SmartLibrary/apache-tomcat-10.1.24/webapps/examples] has finished in [271] ms
19-Feb-2026 10:58:52.463 INFO [main] org.apache.catalina.startup.HostConfig.deployDirectory Deploying web application directory [/root/Downloads/SmartLibrary/apache-tomcat-10.1.24/webapps/host-manager]
19-Feb-2026 10:58:52.500 INFO [main] org.apache.catalina.startup.HostConfig.deployDirectory Deployment of web application directory [/root/Downloads/SmartLibrary/apache-tomcat-10.1.24/webapps/host-manager] has finished in [37] ms
19-Feb-2026 10:58:52.500 INFO [main] org.apache.catalina.startup.HostConfig.deployDirectory Deploying web application directory [/root/Downloads/SmartLibrary/apache-tomcat-10.1.24/webapps/docs]
19-Feb-2026 10:58:52.518 INFO [main] org.apache.catalina.startup.HostConfig.deployDirectory Deployment of web application directory [/root/Downloads/SmartLibrary/apache-tomcat-10.1.24/webapps/docs] has finished in [17] ms
19-Feb-2026 10:58:52.518 INFO [main] org.apache.catalina.startup.HostConfig.deployDirectory Deploying web application directory [/root/Downloads/SmartLibrary/apache-tomcat-10.1.24/webapps/manager]
19-Feb-2026 10:58:52.541 INFO [main] org.apache.catalina.startup.HostConfig.deployDirectory Deployment of web application directory [/root/Downloads/SmartLibrary/apache-tomcat-10.1.24/webapps/manager] has finished in [23] ms
19-Feb-2026 10:58:52.548 INFO [main] org.apache.coyote.AbstractProtocol.start Starting ProtocolHandler ["http-nio-8080"]
19-Feb-2026 10:58:52.566 INFO [main] org.apache.catalina.startup.Catalina.start Server startup in [1138] milliseconds
19-Feb-2026 11:04:09.285 INFO [main] org.apache.catalina.core.StandardServer.await A valid shutdown command was received via the shutdown port. Stopping the Server instance.
19-Feb-2026 11:04:09.286 INFO [main] org.apache.coyote.AbstractProtocol.pause Pausing ProtocolHandler ["http-nio-8080"]
19-Feb-2026 11:04:09.288 INFO [main] org.apache.catalina.core.StandardService.stopInternal Stopping service [Catalina]
19-Feb-2026 11:04:09.309 WARNING [main] org.apache.catalina.loader.WebappClassLoaderBase.clearReferencesJdbc The web application [SmartLibrary] registered the JDBC driver [org.postgresql.Driver] but failed to unregister it when the web application was stopped. To prevent a memory leak, the JDBC Driver has been forcibly unregistered.
19-Feb-2026 11:04:09.315 INFO [main] org.apache.coyote.AbstractProtocol.stop Stopping ProtocolHandler ["http-nio-8080"]
19-Feb-2026 11:04:09.323 INFO [main] org.apache.coyote.AbstractProtocol.destroy Destroying ProtocolHandler ["http-nio-8080"]
19-Feb-2026 11:04:17.457 INFO [main] org.apache.catalina.startup.VersionLoggerListener.log Server version name:   Apache Tomcat/10.1.24
19-Feb-2026 11:04:17.463 INFO [main] org.apache.catalina.startup.VersionLoggerListener.log Server built:          May 9 2024 17:41:23 UTC
19-Feb-2026 11:04:17.463 INFO [main] org.apache.catalina.startup.VersionLoggerListener.log Server version number: 10.1.24.0
19-Feb-2026 11:04:17.463 INFO [main] org.apache.catalina.startup.VersionLoggerListener.log OS Name:               Linux
19-Feb-2026 11:04:17.463 INFO [main] org.apache.catalina.startup.VersionLoggerListener.log OS Version:            5.14.0-611.5.1.el9_7.x86_64
19-Feb-2026 11:04:17.464 INFO [main] org.apache.catalina.startup.VersionLoggerListener.log Architecture:          amd64
19-Feb-2026 11:04:17.464 INFO [main] org.apache.catalina.startup.VersionLoggerListener.log Java Home:             /usr/lib/jvm/java-17-openjdk-17.0.18.0.8-1.el9.x86_64
19-Feb-2026 11:04:17.464 INFO [main] org.apache.catalina.startup.VersionLoggerListener.log JVM Version:           17.0.18+8-LTS
19-Feb-2026 11:04:17.464 INFO [main] org.apache.catalina.startup.VersionLoggerListener.log JVM Vendor:            Red Hat, Inc.
19-Feb-2026 11:04:17.464 INFO [main] org.apache.catalina.startup.VersionLoggerListener.log CATALINA_BASE:         /root/Downloads/apache-tomcat-10.1.24
19-Feb-2026 11:04:17.464 INFO [main] org.apache.catalina.startup.VersionLoggerListener.log CATALINA_HOME:         /root/Downloads/apache-tomcat-10.1.24
19-Feb-2026 11:04:17.493 INFO [main] org.apache.catalina.startup.VersionLoggerListener.log Command line argument: -Djava.util.logging.config.file=/root/Downloads/apache-tomcat-10.1.24/conf/logging.properties
19-Feb-2026 11:04:17.494 INFO [main] org.apache.catalina.startup.VersionLoggerListener.log Command line argument: -Djava.util.logging.manager=org.apache.juli.ClassLoaderLogManager
19-Feb-2026 11:04:17.494 INFO [main] org.apache.catalina.startup.VersionLoggerListener.log Command line argument: -Djdk.tls.ephemeralDHKeySize=2048
19-Feb-2026 11:04:17.494 INFO [main] org.apache.catalina.startup.VersionLoggerListener.log Command line argument: -Djava.protocol.handler.pkgs=org.apache.catalina.webresources
19-Feb-2026 11:04:17.494 INFO [main] org.apache.catalina.startup.VersionLoggerListener.log Command line argument: -Dorg.apache.catalina.security.SecurityListener.UMASK=0027
19-Feb-2026 11:04:17.494 INFO [main] org.apache.catalina.startup.VersionLoggerListener.log Command line argument: --add-opens=java.base/java.lang=ALL-UNNAMED
19-Feb-2026 11:04:17.494 INFO [main] org.apache.catalina.startup.VersionLoggerListener.log Command line argument: --add-opens=java.base/java.io=ALL-UNNAMED
19-Feb-2026 11:04:17.494 INFO [main] org.apache.catalina.startup.VersionLoggerListener.log Command line argument: --add-opens=java.base/java.util=ALL-UNNAMED
19-Feb-2026 11:04:17.495 INFO [main] org.apache.catalina.startup.VersionLoggerListener.log Command line argument: --add-opens=java.base/java.util.concurrent=ALL-UNNAMED
19-Feb-2026 11:04:17.495 INFO [main] org.apache.catalina.startup.VersionLoggerListener.log Command line argument: --add-opens=java.rmi/sun.rmi.transport=ALL-UNNAMED
19-Feb-2026 11:04:17.495 INFO [main] org.apache.catalina.startup.VersionLoggerListener.log Command line argument: -Dcatalina.base=/root/Downloads/apache-tomcat-10.1.24
19-Feb-2026 11:04:17.495 INFO [main] org.apache.catalina.startup.VersionLoggerListener.log Command line argument: -Dcatalina.home=/root/Downloads/apache-tomcat-10.1.24
19-Feb-2026 11:04:17.496 INFO [main] org.apache.catalina.startup.VersionLoggerListener.log Command line argument: -Djava.io.tmpdir=/root/Downloads/apache-tomcat-10.1.24/temp
19-Feb-2026 11:04:17.497 INFO [main] org.apache.catalina.core.AprLifecycleListener.lifecycleEvent The Apache Tomcat Native library which allows using OpenSSL was not found on the java.library.path: [/usr/java/packages/lib:/usr/lib64:/lib64:/lib:/usr/lib]
19-Feb-2026 11:04:17.811 INFO [main] org.apache.coyote.AbstractProtocol.init Initializing ProtocolHandler ["http-nio-8080"]
19-Feb-2026 11:04:17.835 INFO [main] org.apache.catalina.startup.Catalina.load Server initialization in [586] milliseconds
19-Feb-2026 11:04:17.887 INFO [main] org.apache.catalina.core.StandardService.startInternal Starting service [Catalina]
19-Feb-2026 11:04:17.887 INFO [main] org.apache.catalina.core.StandardEngine.startInternal Starting Servlet engine: [Apache Tomcat/10.1.24]
19-Feb-2026 11:04:17.915 INFO [main] org.apache.catalina.startup.HostConfig.deployWAR Deploying web application archive [/root/Downloads/apache-tomcat-10.1.24/webapps/SmartLibrary.war]
19-Feb-2026 11:04:18.385 INFO [main] org.apache.jasper.servlet.TldScanner.scanJars At least one JAR was scanned for TLDs yet contained no TLDs. Enable debug logging for this logger for a complete list of JARs that were scanned but no TLDs were found in them. Skipping unneeded JARs during scanning can improve startup time and JSP compilation time.
19-Feb-2026 11:04:18.441 INFO [main] org.apache.catalina.startup.HostConfig.deployWAR Deployment of web application archive [/root/Downloads/apache-tomcat-10.1.24/webapps/SmartLibrary.war] has finished in [526] ms
19-Feb-2026 11:04:18.442 INFO [main] org.apache.catalina.startup.HostConfig.deployDirectory Deploying web application directory [/root/Downloads/apache-tomcat-10.1.24/webapps/ROOT]
19-Feb-2026 11:04:18.548 INFO [main] org.apache.jasper.servlet.TldScanner.scanJars At least one JAR was scanned for TLDs yet contained no TLDs. Enable debug logging for this logger for a complete list of JARs that were scanned but no TLDs were found in them. Skipping unneeded JARs during scanning can improve startup time and JSP compilation time.
19-Feb-2026 11:04:18.552 INFO [main] org.apache.catalina.startup.HostConfig.deployDirectory Deployment of web application directory [/root/Downloads/apache-tomcat-10.1.24/webapps/ROOT] has finished in [110] ms
19-Feb-2026 11:04:18.552 INFO [main] org.apache.catalina.startup.HostConfig.deployDirectory Deploying web application directory [/root/Downloads/apache-tomcat-10.1.24/webapps/examples]
19-Feb-2026 11:04:18.795 INFO [main] org.apache.jasper.servlet.TldScanner.scanJars At least one JAR was scanned for TLDs yet contained no TLDs. Enable debug logging for this logger for a complete list of JARs that were scanned but no TLDs were found in them. Skipping unneeded JARs during scanning can improve startup time and JSP compilation time.
19-Feb-2026 11:04:18.857 INFO [main] org.apache.catalina.startup.HostConfig.deployDirectory Deployment of web application directory [/root/Downloads/apache-tomcat-10.1.24/webapps/examples] has finished in [304] ms
19-Feb-2026 11:04:18.858 INFO [main] org.apache.catalina.startup.HostConfig.deployDirectory Deploying web application directory [/root/Downloads/apache-tomcat-10.1.24/webapps/host-manager]
19-Feb-2026 11:04:18.941 INFO [main] org.apache.jasper.servlet.TldScanner.scanJars At least one JAR was scanned for TLDs yet contained no TLDs. Enable debug logging for this logger for a complete list of JARs that were scanned but no TLDs were found in them. Skipping unneeded JARs during scanning can improve startup time and JSP compilation time.
19-Feb-2026 11:04:18.945 INFO [main] org.apache.catalina.startup.HostConfig.deployDirectory Deployment of web application directory [/root/Downloads/apache-tomcat-10.1.24/webapps/host-manager] has finished in [87] ms
19-Feb-2026 11:04:18.946 INFO [main] org.apache.catalina.startup.HostConfig.deployDirectory Deploying web application directory [/root/Downloads/apache-tomcat-10.1.24/webapps/docs]
19-Feb-2026 11:04:19.027 INFO [main] org.apache.jasper.servlet.TldScanner.scanJars At least one JAR was scanned for TLDs yet contained no TLDs. Enable debug logging for this logger for a complete list of JARs that were scanned but no TLDs were found in them. Skipping unneeded JARs during scanning can improve startup time and JSP compilation time.
19-Feb-2026 11:04:19.029 INFO [main] org.apache.catalina.startup.HostConfig.deployDirectory Deployment of web application directory [/root/Downloads/apache-tomcat-10.1.24/webapps/docs] has finished in [83] ms
19-Feb-2026 11:04:19.029 INFO [main] org.apache.catalina.startup.HostConfig.deployDirectory Deploying web application directory [/root/Downloads/apache-tomcat-10.1.24/webapps/manager]
19-Feb-2026 11:04:19.117 INFO [main] org.apache.jasper.servlet.TldScanner.scanJars At least one JAR was scanned for TLDs yet contained no TLDs. Enable debug logging for this logger for a complete list of JARs that were scanned but no TLDs were found in them. Skipping unneeded JARs during scanning can improve startup time and JSP compilation time.
19-Feb-2026 11:04:19.123 INFO [main] org.apache.catalina.startup.HostConfig.deployDirectory Deployment of web application directory [/root/Downloads/apache-tomcat-10.1.24/webapps/manager] has finished in [94] ms
19-Feb-2026 11:04:19.130 INFO [main] org.apache.coyote.AbstractProtocol.start Starting ProtocolHandler ["http-nio-8080"]
19-Feb-2026 11:04:19.143 INFO [main] org.apache.catalina.startup.Catalina.start Server startup in [1308] milliseconds
