05-Mar-2026 17:48:51.058 INFO [main] org.apache.catalina.startup.VersionLoggerListener.log Server version name:   Apache Tomcat/10.1.24
05-Mar-2026 17:48:51.179 INFO [main] org.apache.catalina.startup.VersionLoggerListener.log Server built:          May 9 2024 17:41:23 UTC
05-Mar-2026 17:48:51.181 INFO [main] org.apache.catalina.startup.VersionLoggerListener.log Server version number: 10.1.24.0
05-Mar-2026 17:48:51.183 INFO [main] org.apache.catalina.startup.VersionLoggerListener.log OS Name:               Windows 10
05-Mar-2026 17:48:51.183 INFO [main] org.apache.catalina.startup.VersionLoggerListener.log OS Version:            10.0
05-Mar-2026 17:48:51.183 INFO [main] org.apache.catalina.startup.VersionLoggerListener.log Architecture:          amd64
05-Mar-2026 17:48:51.183 INFO [main] org.apache.catalina.startup.VersionLoggerListener.log Java Home:             C:\Program Files\Java\jdk-21.0.10
05-Mar-2026 17:48:51.183 INFO [main] org.apache.catalina.startup.VersionLoggerListener.log JVM Version:           21.0.10+8-LTS-217
05-Mar-2026 17:48:51.183 INFO [main] org.apache.catalina.startup.VersionLoggerListener.log JVM Vendor:            Oracle Corporation
05-Mar-2026 17:48:51.183 INFO [main] org.apache.catalina.startup.VersionLoggerListener.log CATALINA_BASE:         C:\Users\ADMIN\Downloads\SmartLibrary-Management-System
05-Mar-2026 17:48:51.185 INFO [main] org.apache.catalina.startup.VersionLoggerListener.log CATALINA_HOME:         C:\Users\ADMIN\Downloads\SmartLibrary-Management-System
05-Mar-2026 17:48:55.148 INFO [main] org.apache.catalina.startup.VersionLoggerListener.log Command line argument: -Djava.util.logging.config.file=C:\Users\ADMIN\Downloads\SmartLibrary-Management-System\conf\logging.properties
05-Mar-2026 17:48:55.149 INFO [main] org.apache.catalina.startup.VersionLoggerListener.log Command line argument: -Djava.util.logging.manager=org.apache.juli.ClassLoaderLogManager
05-Mar-2026 17:48:55.150 INFO [main] org.apache.catalina.startup.VersionLoggerListener.log Command line argument: -Djdk.tls.ephemeralDHKeySize=2048
05-Mar-2026 17:48:55.150 INFO [main] org.apache.catalina.startup.VersionLoggerListener.log Command line argument: -Djava.protocol.handler.pkgs=org.apache.catalina.webresources
05-Mar-2026 17:48:55.150 INFO [main] org.apache.catalina.startup.VersionLoggerListener.log Command line argument: --add-opens=java.base/java.lang=ALL-UNNAMED
05-Mar-2026 17:48:55.151 INFO [main] org.apache.catalina.startup.VersionLoggerListener.log Command line argument: --add-opens=java.base/java.io=ALL-UNNAMED
05-Mar-2026 17:48:55.154 INFO [main] org.apache.catalina.startup.VersionLoggerListener.log Command line argument: --add-opens=java.base/java.util=ALL-UNNAMED
05-Mar-2026 17:48:55.155 INFO [main] org.apache.catalina.startup.VersionLoggerListener.log Command line argument: --add-opens=java.base/java.util.concurrent=ALL-UNNAMED
05-Mar-2026 17:48:55.156 INFO [main] org.apache.catalina.startup.VersionLoggerListener.log Command line argument: --add-opens=java.rmi/sun.rmi.transport=ALL-UNNAMED
05-Mar-2026 17:48:55.157 INFO [main] org.apache.catalina.startup.VersionLoggerListener.log Command line argument: -Dcatalina.base=C:\Users\ADMIN\Downloads\SmartLibrary-Management-System
05-Mar-2026 17:48:55.157 INFO [main] org.apache.catalina.startup.VersionLoggerListener.log Command line argument: -Dcatalina.home=C:\Users\ADMIN\Downloads\SmartLibrary-Management-System
05-Mar-2026 17:48:55.158 INFO [main] org.apache.catalina.startup.VersionLoggerListener.log Command line argument: -Djava.io.tmpdir=C:\Users\ADMIN\Downloads\SmartLibrary-Management-System\temp
05-Mar-2026 17:48:55.170 INFO [main] org.apache.catalina.core.AprLifecycleListener.lifecycleEvent The Apache Tomcat Native library which allows using OpenSSL was not found on the java.library.path: [C:\Program Files\Java\jdk-21.0.10\bin;C:\Windows\Sun\Java\bin;C:\Windows\system32;C:\Windows;C:\Program Files\Common Files\Oracle\Java\javapath;C:\Windows\system32;C:\Windows;C:\Windows\System32\Wbem;C:\Windows\System32\WindowsPowerShell\v1.0\;C:\Windows\System32\OpenSSH\;C:\Program Files\nodejs\;C:\Program Files\Git\cmd;C:\Program Files\Java\jdk-21.0.10\bin;C:\Users\ADMIN\AppData\Local\Programs\Python\Python311\Scripts\;C:\Users\ADMIN\AppData\Local\Programs\Python\Python311\;C:\Users\ADMIN\AppData\Local\Microsoft\WindowsApps;C:\Users\ADMIN\AppData\Roaming\npm;C:\Users\ADMIN\AppData\Local\Programs\Microsoft VS Code\bin;.]
05-Mar-2026 17:49:18.110 INFO [main] org.apache.coyote.AbstractProtocol.init Initializing ProtocolHandler ["http-nio-8080"]
05-Mar-2026 17:49:19.869 INFO [main] org.apache.catalina.startup.Catalina.load Server initialization in [52778] milliseconds
05-Mar-2026 17:49:21.468 INFO [main] org.apache.catalina.core.StandardService.startInternal Starting service [Catalina]
05-Mar-2026 17:49:21.468 INFO [main] org.apache.catalina.core.StandardEngine.startInternal Starting Servlet engine: [Apache Tomcat/10.1.24]
05-Mar-2026 17:49:22.467 INFO [main] org.apache.catalina.startup.HostConfig.deployWAR Deploying web application archive [C:\Users\ADMIN\Downloads\SmartLibrary-Management-System\webapps\SmartLibrary.war]
05-Mar-2026 17:49:29.566 INFO [main] org.apache.jasper.servlet.TldScanner.scanJars At least one JAR was scanned for TLDs yet contained no TLDs. Enable debug logging for this logger for a complete list of JARs that were scanned but no TLDs were found in them. Skipping unneeded JARs during scanning can improve startup time and JSP compilation time.
05-Mar-2026 17:49:29.938 WARNING [main] org.apache.catalina.util.SessionIdGeneratorBase.createSecureRandom Creation of SecureRandom instance for session ID generation using [SHA1PRNG] took [209] milliseconds.
05-Mar-2026 17:49:30.191 INFO [main] org.apache.catalina.startup.HostConfig.deployWAR Deployment of web application archive [C:\Users\ADMIN\Downloads\SmartLibrary-Management-System\webapps\SmartLibrary.war] has finished in [7,724] ms
05-Mar-2026 17:49:30.191 INFO [main] org.apache.catalina.startup.HostConfig.deployDirectory Deploying web application directory [C:\Users\ADMIN\Downloads\SmartLibrary-Management-System\webapps\docs]
05-Mar-2026 17:49:30.534 INFO [main] org.apache.jasper.servlet.TldScanner.scanJars At least one JAR was scanned for TLDs yet contained no TLDs. Enable debug logging for this logger for a complete list of JARs that were scanned but no TLDs were found in them. Skipping unneeded JARs during scanning can improve startup time and JSP compilation time.
05-Mar-2026 17:49:30.534 INFO [main] org.apache.catalina.startup.HostConfig.deployDirectory Deployment of web application directory [C:\Users\ADMIN\Downloads\SmartLibrary-Management-System\webapps\docs] has finished in [343] ms
05-Mar-2026 17:49:30.534 INFO [main] org.apache.catalina.startup.HostConfig.deployDirectory Deploying web application directory [C:\Users\ADMIN\Downloads\SmartLibrary-Management-System\webapps\examples]
05-Mar-2026 17:49:33.030 INFO [main] org.apache.jasper.servlet.TldScanner.scanJars At least one JAR was scanned for TLDs yet contained no TLDs. Enable debug logging for this logger for a complete list of JARs that were scanned but no TLDs were found in them. Skipping unneeded JARs during scanning can improve startup time and JSP compilation time.
05-Mar-2026 17:49:33.220 INFO [main] org.apache.catalina.startup.HostConfig.deployDirectory Deployment of web application directory [C:\Users\ADMIN\Downloads\SmartLibrary-Management-System\webapps\examples] has finished in [2,686] ms
05-Mar-2026 17:49:33.221 INFO [main] org.apache.catalina.startup.HostConfig.deployDirectory Deploying web application directory [C:\Users\ADMIN\Downloads\SmartLibrary-Management-System\webapps\host-manager]
05-Mar-2026 17:49:33.572 INFO [main] org.apache.jasper.servlet.TldScanner.scanJars At least one JAR was scanned for TLDs yet contained no TLDs. Enable debug logging for this logger for a complete list of JARs that were scanned but no TLDs were found in them. Skipping unneeded JARs during scanning can improve startup time and JSP compilation time.
05-Mar-2026 17:49:33.658 INFO [main] org.apache.catalina.startup.HostConfig.deployDirectory Deployment of web application directory [C:\Users\ADMIN\Downloads\SmartLibrary-Management-System\webapps\host-manager] has finished in [437] ms
05-Mar-2026 17:49:33.658 INFO [main] org.apache.catalina.startup.HostConfig.deployDirectory Deploying web application directory [C:\Users\ADMIN\Downloads\SmartLibrary-Management-System\webapps\manager]
05-Mar-2026 17:49:33.878 INFO [main] org.apache.jasper.servlet.TldScanner.scanJars At least one JAR was scanned for TLDs yet contained no TLDs. Enable debug logging for this logger for a complete list of JARs that were scanned but no TLDs were found in them. Skipping unneeded JARs during scanning can improve startup time and JSP compilation time.
05-Mar-2026 17:49:33.881 INFO [main] org.apache.catalina.startup.HostConfig.deployDirectory Deployment of web application directory [C:\Users\ADMIN\Downloads\SmartLibrary-Management-System\webapps\manager] has finished in [223] ms
05-Mar-2026 17:49:33.881 INFO [main] org.apache.catalina.startup.HostConfig.deployDirectory Deploying web application directory [C:\Users\ADMIN\Downloads\SmartLibrary-Management-System\webapps\ROOT]
05-Mar-2026 17:49:34.189 INFO [main] org.apache.jasper.servlet.TldScanner.scanJars At least one JAR was scanned for TLDs yet contained no TLDs. Enable debug logging for this logger for a complete list of JARs that were scanned but no TLDs were found in them. Skipping unneeded JARs during scanning can improve startup time and JSP compilation time.
05-Mar-2026 17:49:34.192 INFO [main] org.apache.catalina.startup.HostConfig.deployDirectory Deployment of web application directory [C:\Users\ADMIN\Downloads\SmartLibrary-Management-System\webapps\ROOT] has finished in [311] ms
05-Mar-2026 17:49:34.283 INFO [main] org.apache.coyote.AbstractProtocol.start Starting ProtocolHandler ["http-nio-8080"]
05-Mar-2026 17:49:34.927 INFO [main] org.apache.catalina.startup.Catalina.start Server startup in [15051] milliseconds
05-Mar-2026 23:23:43.184 INFO [main] org.apache.catalina.startup.VersionLoggerListener.log Server version name:   Apache Tomcat/10.1.24
05-Mar-2026 23:23:43.211 INFO [main] org.apache.catalina.startup.VersionLoggerListener.log Server built:          May 9 2024 17:41:23 UTC
05-Mar-2026 23:23:43.212 INFO [main] org.apache.catalina.startup.VersionLoggerListener.log Server version number: 10.1.24.0
05-Mar-2026 23:23:43.212 INFO [main] org.apache.catalina.startup.VersionLoggerListener.log OS Name:               Windows 10
05-Mar-2026 23:23:43.212 INFO [main] org.apache.catalina.startup.VersionLoggerListener.log OS Version:            10.0
05-Mar-2026 23:23:43.214 INFO [main] org.apache.catalina.startup.VersionLoggerListener.log Architecture:          amd64
05-Mar-2026 23:23:43.215 INFO [main] org.apache.catalina.startup.VersionLoggerListener.log Java Home:             C:\Program Files\Java\jdk-21.0.10
05-Mar-2026 23:23:43.216 INFO [main] org.apache.catalina.startup.VersionLoggerListener.log JVM Version:           21.0.10+8-LTS-217
05-Mar-2026 23:23:43.218 INFO [main] org.apache.catalina.startup.VersionLoggerListener.log JVM Vendor:            Oracle Corporation
05-Mar-2026 23:23:43.218 INFO [main] org.apache.catalina.startup.VersionLoggerListener.log CATALINA_BASE:         C:\Users\ADMIN\Downloads\SmartLibrary-Management-System
05-Mar-2026 23:23:43.218 INFO [main] org.apache.catalina.startup.VersionLoggerListener.log CATALINA_HOME:         C:\Users\ADMIN\Downloads\SmartLibrary-Management-System
05-Mar-2026 23:23:44.053 INFO [main] org.apache.catalina.startup.VersionLoggerListener.log Command line argument: -Djava.util.logging.config.file=C:\Users\ADMIN\Downloads\SmartLibrary-Management-System\conf\logging.properties
05-Mar-2026 23:23:44.060 INFO [main] org.apache.catalina.startup.VersionLoggerListener.log Command line argument: -Djava.util.logging.manager=org.apache.juli.ClassLoaderLogManager
05-Mar-2026 23:23:44.063 INFO [main] org.apache.catalina.startup.VersionLoggerListener.log Command line argument: -Djdk.tls.ephemeralDHKeySize=2048
05-Mar-2026 23:23:44.064 INFO [main] org.apache.catalina.startup.VersionLoggerListener.log Command line argument: -Djava.protocol.handler.pkgs=org.apache.catalina.webresources
05-Mar-2026 23:23:44.065 INFO [main] org.apache.catalina.startup.VersionLoggerListener.log Command line argument: --add-opens=java.base/java.lang=ALL-UNNAMED
05-Mar-2026 23:23:44.067 INFO [main] org.apache.catalina.startup.VersionLoggerListener.log Command line argument: --add-opens=java.base/java.io=ALL-UNNAMED
05-Mar-2026 23:23:44.069 INFO [main] org.apache.catalina.startup.VersionLoggerListener.log Command line argument: --add-opens=java.base/java.util=ALL-UNNAMED
05-Mar-2026 23:23:44.069 INFO [main] org.apache.catalina.startup.VersionLoggerListener.log Command line argument: --add-opens=java.base/java.util.concurrent=ALL-UNNAMED
05-Mar-2026 23:23:44.072 INFO [main] org.apache.catalina.startup.VersionLoggerListener.log Command line argument: --add-opens=java.rmi/sun.rmi.transport=ALL-UNNAMED
05-Mar-2026 23:23:44.079 INFO [main] org.apache.catalina.startup.VersionLoggerListener.log Command line argument: -Dcatalina.base=C:\Users\ADMIN\Downloads\SmartLibrary-Management-System
05-Mar-2026 23:23:44.167 INFO [main] org.apache.catalina.startup.VersionLoggerListener.log Command line argument: -Dcatalina.home=C:\Users\ADMIN\Downloads\SmartLibrary-Management-System
05-Mar-2026 23:23:44.169 INFO [main] org.apache.catalina.startup.VersionLoggerListener.log Command line argument: -Djava.io.tmpdir=C:\Users\ADMIN\Downloads\SmartLibrary-Management-System\temp
05-Mar-2026 23:23:44.272 INFO [main] org.apache.catalina.core.AprLifecycleListener.lifecycleEvent The Apache Tomcat Native library which allows using OpenSSL was not found on the java.library.path: [C:\Program Files\Java\jdk-21.0.10\bin;C:\Windows\Sun\Java\bin;C:\Windows\system32;C:\Windows;C:\Program Files\Common Files\Oracle\Java\javapath;C:\Windows\system32;C:\Windows;C:\Windows\System32\Wbem;C:\Windows\System32\WindowsPowerShell\v1.0\;C:\Windows\System32\OpenSSH\;C:\Program Files\nodejs\;C:\Program Files\Git\cmd;C:\Program Files\Java\jdk-21.0.10\bin;C:\Users\ADMIN\AppData\Local\Programs\Python\Python311\Scripts\;C:\Users\ADMIN\AppData\Local\Programs\Python\Python311\;C:\Users\ADMIN\AppData\Local\Microsoft\WindowsApps;C:\Users\ADMIN\AppData\Roaming\npm;C:\Users\ADMIN\AppData\Local\Programs\Microsoft VS Code\bin;.]
05-Mar-2026 23:23:49.055 INFO [main] org.apache.coyote.AbstractProtocol.init Initializing ProtocolHandler ["http-nio-8080"]
05-Mar-2026 23:23:50.064 INFO [main] org.apache.catalina.startup.Catalina.load Server initialization in [9542] milliseconds
05-Mar-2026 23:23:50.985 INFO [main] org.apache.catalina.core.StandardService.startInternal Starting service [Catalina]
05-Mar-2026 23:23:50.992 INFO [main] org.apache.catalina.core.StandardEngine.startInternal Starting Servlet engine: [Apache Tomcat/10.1.24]
05-Mar-2026 23:23:51.227 INFO [main] org.apache.catalina.startup.HostConfig.deployWAR Deploying web application archive [C:\Users\ADMIN\Downloads\SmartLibrary-Management-System\webapps\SmartLibrary.war]
05-Mar-2026 23:23:55.598 INFO [main] org.apache.jasper.servlet.TldScanner.scanJars At least one JAR was scanned for TLDs yet contained no TLDs. Enable debug logging for this logger for a complete list of JARs that were scanned but no TLDs were found in them. Skipping unneeded JARs during scanning can improve startup time and JSP compilation time.
05-Mar-2026 23:23:56.184 WARNING [main] org.apache.catalina.util.SessionIdGeneratorBase.createSecureRandom Creation of SecureRandom instance for session ID generation using [SHA1PRNG] took [347] milliseconds.
05-Mar-2026 23:23:56.486 INFO [main] org.apache.catalina.startup.HostConfig.deployWAR Deployment of web application archive [C:\Users\ADMIN\Downloads\SmartLibrary-Management-System\webapps\SmartLibrary.war] has finished in [5,252] ms
05-Mar-2026 23:23:56.491 INFO [main] org.apache.catalina.startup.HostConfig.deployDirectory Deploying web application directory [C:\Users\ADMIN\Downloads\SmartLibrary-Management-System\webapps\docs]
05-Mar-2026 23:23:58.326 INFO [main] org.apache.jasper.servlet.TldScanner.scanJars At least one JAR was scanned for TLDs yet contained no TLDs. Enable debug logging for this logger for a complete list of JARs that were scanned but no TLDs were found in them. Skipping unneeded JARs during scanning can improve startup time and JSP compilation time.
05-Mar-2026 23:23:58.353 INFO [main] org.apache.catalina.startup.HostConfig.deployDirectory Deployment of web application directory [C:\Users\ADMIN\Downloads\SmartLibrary-Management-System\webapps\docs] has finished in [1,862] ms
05-Mar-2026 23:23:58.385 INFO [main] org.apache.catalina.startup.HostConfig.deployDirectory Deploying web application directory [C:\Users\ADMIN\Downloads\SmartLibrary-Management-System\webapps\examples]
05-Mar-2026 23:24:01.553 INFO [main] org.apache.jasper.servlet.TldScanner.scanJars At least one JAR was scanned for TLDs yet contained no TLDs. Enable debug logging for this logger for a complete list of JARs that were scanned but no TLDs were found in them. Skipping unneeded JARs during scanning can improve startup time and JSP compilation time.
05-Mar-2026 23:24:01.884 INFO [main] org.apache.catalina.startup.HostConfig.deployDirectory Deployment of web application directory [C:\Users\ADMIN\Downloads\SmartLibrary-Management-System\webapps\examples] has finished in [3,499] ms
05-Mar-2026 23:24:01.924 INFO [main] org.apache.catalina.startup.HostConfig.deployDirectory Deploying web application directory [C:\Users\ADMIN\Downloads\SmartLibrary-Management-System\webapps\host-manager]
05-Mar-2026 23:24:02.991 INFO [main] org.apache.jasper.servlet.TldScanner.scanJars At least one JAR was scanned for TLDs yet contained no TLDs. Enable debug logging for this logger for a complete list of JARs that were scanned but no TLDs were found in them. Skipping unneeded JARs during scanning can improve startup time and JSP compilation time.
05-Mar-2026 23:24:03.139 INFO [main] org.apache.catalina.startup.HostConfig.deployDirectory Deployment of web application directory [C:\Users\ADMIN\Downloads\SmartLibrary-Management-System\webapps\host-manager] has finished in [1,215] ms
05-Mar-2026 23:24:03.139 INFO [main] org.apache.catalina.startup.HostConfig.deployDirectory Deploying web application directory [C:\Users\ADMIN\Downloads\SmartLibrary-Management-System\webapps\manager]
05-Mar-2026 23:24:04.056 INFO [main] org.apache.jasper.servlet.TldScanner.scanJars At least one JAR was scanned for TLDs yet contained no TLDs. Enable debug logging for this logger for a complete list of JARs that were scanned but no TLDs were found in them. Skipping unneeded JARs during scanning can improve startup time and JSP compilation time.
05-Mar-2026 23:24:04.155 INFO [main] org.apache.catalina.startup.HostConfig.deployDirectory Deployment of web application directory [C:\Users\ADMIN\Downloads\SmartLibrary-Management-System\webapps\manager] has finished in [1,016] ms
05-Mar-2026 23:24:04.162 INFO [main] org.apache.catalina.startup.HostConfig.deployDirectory Deploying web application directory [C:\Users\ADMIN\Downloads\SmartLibrary-Management-System\webapps\ROOT]
05-Mar-2026 23:24:04.973 INFO [main] org.apache.jasper.servlet.TldScanner.scanJars At least one JAR was scanned for TLDs yet contained no TLDs. Enable debug logging for this logger for a complete list of JARs that were scanned but no TLDs were found in them. Skipping unneeded JARs during scanning can improve startup time and JSP compilation time.
05-Mar-2026 23:24:04.997 INFO [main] org.apache.catalina.startup.HostConfig.deployDirectory Deployment of web application directory [C:\Users\ADMIN\Downloads\SmartLibrary-Management-System\webapps\ROOT] has finished in [835] ms
05-Mar-2026 23:24:05.004 INFO [main] org.apache.coyote.AbstractProtocol.start Starting ProtocolHandler ["http-nio-8080"]
05-Mar-2026 23:24:07.347 INFO [main] org.apache.catalina.startup.Catalina.start Server startup in [17223] milliseconds
05-Mar-2026 23:24:19.341 INFO [main] org.apache.catalina.core.StandardServer.await A valid shutdown command was received via the shutdown port. Stopping the Server instance.
05-Mar-2026 23:24:19.343 INFO [main] org.apache.coyote.AbstractProtocol.pause Pausing ProtocolHandler ["http-nio-8080"]
05-Mar-2026 23:24:19.351 INFO [main] org.apache.catalina.core.StandardService.stopInternal Stopping service [Catalina]
05-Mar-2026 23:24:20.104 INFO [main] org.apache.coyote.AbstractProtocol.stop Stopping ProtocolHandler ["http-nio-8080"]
05-Mar-2026 23:24:20.131 INFO [main] org.apache.coyote.AbstractProtocol.destroy Destroying ProtocolHandler ["http-nio-8080"]
05-Mar-2026 23:24:50.912 INFO [main] org.apache.catalina.startup.VersionLoggerListener.log Server version name:   Apache Tomcat/10.1.24
05-Mar-2026 23:24:50.959 INFO [main] org.apache.catalina.startup.VersionLoggerListener.log Server built:          May 9 2024 17:41:23 UTC
05-Mar-2026 23:24:51.064 INFO [main] org.apache.catalina.startup.VersionLoggerListener.log Server version number: 10.1.24.0
05-Mar-2026 23:24:51.121 INFO [main] org.apache.catalina.startup.VersionLoggerListener.log OS Name:               Windows 10
05-Mar-2026 23:24:51.141 INFO [main] org.apache.catalina.startup.VersionLoggerListener.log OS Version:            10.0
05-Mar-2026 23:24:51.165 INFO [main] org.apache.catalina.startup.VersionLoggerListener.log Architecture:          amd64
05-Mar-2026 23:24:51.186 INFO [main] org.apache.catalina.startup.VersionLoggerListener.log Java Home:             C:\Program Files\Java\jdk-21.0.10
05-Mar-2026 23:24:51.220 INFO [main] org.apache.catalina.startup.VersionLoggerListener.log JVM Version:           21.0.10+8-LTS-217
05-Mar-2026 23:24:51.251 INFO [main] org.apache.catalina.startup.VersionLoggerListener.log JVM Vendor:            Oracle Corporation
05-Mar-2026 23:24:51.283 INFO [main] org.apache.catalina.startup.VersionLoggerListener.log CATALINA_BASE:         C:\Users\ADMIN\Downloads\SmartLibrary-Management-System
05-Mar-2026 23:24:51.322 INFO [main] org.apache.catalina.startup.VersionLoggerListener.log CATALINA_HOME:         C:\Users\ADMIN\Downloads\SmartLibrary-Management-System
05-Mar-2026 23:24:51.350 INFO [main] org.apache.catalina.startup.VersionLoggerListener.log Command line argument: -Djava.util.logging.config.file=C:\Users\ADMIN\Downloads\SmartLibrary-Management-System\conf\logging.properties
05-Mar-2026 23:24:51.351 INFO [main] org.apache.catalina.startup.VersionLoggerListener.log Command line argument: -Djava.util.logging.manager=org.apache.juli.ClassLoaderLogManager
05-Mar-2026 23:24:51.351 INFO [main] org.apache.catalina.startup.VersionLoggerListener.log Command line argument: -Djdk.tls.ephemeralDHKeySize=2048
05-Mar-2026 23:24:51.351 INFO [main] org.apache.catalina.startup.VersionLoggerListener.log Command line argument: -Djava.protocol.handler.pkgs=org.apache.catalina.webresources
05-Mar-2026 23:24:51.352 INFO [main] org.apache.catalina.startup.VersionLoggerListener.log Command line argument: --add-opens=java.base/java.lang=ALL-UNNAMED
05-Mar-2026 23:24:51.354 INFO [main] org.apache.catalina.startup.VersionLoggerListener.log Command line argument: --add-opens=java.base/java.io=ALL-UNNAMED
05-Mar-2026 23:24:51.363 INFO [main] org.apache.catalina.startup.VersionLoggerListener.log Command line argument: --add-opens=java.base/java.util=ALL-UNNAMED
05-Mar-2026 23:24:51.372 INFO [main] org.apache.catalina.startup.VersionLoggerListener.log Command line argument: --add-opens=java.base/java.util.concurrent=ALL-UNNAMED
05-Mar-2026 23:24:51.393 INFO [main] org.apache.catalina.startup.VersionLoggerListener.log Command line argument: --add-opens=java.rmi/sun.rmi.transport=ALL-UNNAMED
05-Mar-2026 23:24:51.408 INFO [main] org.apache.catalina.startup.VersionLoggerListener.log Command line argument: -Dcatalina.base=C:\Users\ADMIN\Downloads\SmartLibrary-Management-System
05-Mar-2026 23:24:51.414 INFO [main] org.apache.catalina.startup.VersionLoggerListener.log Command line argument: -Dcatalina.home=C:\Users\ADMIN\Downloads\SmartLibrary-Management-System
05-Mar-2026 23:24:51.436 INFO [main] org.apache.catalina.startup.VersionLoggerListener.log Command line argument: -Djava.io.tmpdir=C:\Users\ADMIN\Downloads\SmartLibrary-Management-System\temp
05-Mar-2026 23:24:51.496 INFO [main] org.apache.catalina.core.AprLifecycleListener.lifecycleEvent The Apache Tomcat Native library which allows using OpenSSL was not found on the java.library.path: [C:\Program Files\Java\jdk-21.0.10\bin;C:\Windows\Sun\Java\bin;C:\Windows\system32;C:\Windows;C:\Program Files\Common Files\Oracle\Java\javapath;C:\Windows\system32;C:\Windows;C:\Windows\System32\Wbem;C:\Windows\System32\WindowsPowerShell\v1.0\;C:\Windows\System32\OpenSSH\;C:\Program Files\nodejs\;C:\Program Files\Git\cmd;C:\Program Files\Java\jdk-21.0.10\bin;C:\Users\ADMIN\AppData\Local\Programs\Python\Python311\Scripts\;C:\Users\ADMIN\AppData\Local\Programs\Python\Python311\;C:\Users\ADMIN\AppData\Local\Microsoft\WindowsApps;C:\Users\ADMIN\AppData\Roaming\npm;C:\Users\ADMIN\AppData\Local\Programs\Microsoft VS Code\bin;.]
05-Mar-2026 23:24:53.830 INFO [main] org.apache.coyote.AbstractProtocol.init Initializing ProtocolHandler ["http-nio-8080"]
05-Mar-2026 23:24:53.959 INFO [main] org.apache.catalina.startup.Catalina.load Server initialization in [4253] milliseconds
05-Mar-2026 23:24:54.187 INFO [main] org.apache.catalina.core.StandardService.startInternal Starting service [Catalina]
05-Mar-2026 23:24:54.208 INFO [main] org.apache.catalina.core.StandardEngine.startInternal Starting Servlet engine: [Apache Tomcat/10.1.24]
05-Mar-2026 23:24:54.306 INFO [main] org.apache.catalina.startup.HostConfig.deployWAR Deploying web application archive [C:\Users\ADMIN\Downloads\SmartLibrary-Management-System\webapps\SmartLibrary.war]
05-Mar-2026 23:24:57.340 INFO [main] org.apache.jasper.servlet.TldScanner.scanJars At least one JAR was scanned for TLDs yet contained no TLDs. Enable debug logging for this logger for a complete list of JARs that were scanned but no TLDs were found in them. Skipping unneeded JARs during scanning can improve startup time and JSP compilation time.
05-Mar-2026 23:24:57.795 INFO [main] org.apache.catalina.startup.HostConfig.deployWAR Deployment of web application archive [C:\Users\ADMIN\Downloads\SmartLibrary-Management-System\webapps\SmartLibrary.war] has finished in [3,489] ms
05-Mar-2026 23:24:57.806 INFO [main] org.apache.catalina.startup.HostConfig.deployDirectory Deploying web application directory [C:\Users\ADMIN\Downloads\SmartLibrary-Management-System\webapps\docs]
05-Mar-2026 23:24:59.078 INFO [main] org.apache.jasper.servlet.TldScanner.scanJars At least one JAR was scanned for TLDs yet contained no TLDs. Enable debug logging for this logger for a complete list of JARs that were scanned but no TLDs were found in them. Skipping unneeded JARs during scanning can improve startup time and JSP compilation time.
05-Mar-2026 23:24:59.195 INFO [main] org.apache.catalina.startup.HostConfig.deployDirectory Deployment of web application directory [C:\Users\ADMIN\Downloads\SmartLibrary-Management-System\webapps\docs] has finished in [1,389] ms
05-Mar-2026 23:24:59.241 INFO [main] org.apache.catalina.startup.HostConfig.deployDirectory Deploying web application directory [C:\Users\ADMIN\Downloads\SmartLibrary-Management-System\webapps\examples]
05-Mar-2026 23:25:02.665 INFO [main] org.apache.jasper.servlet.TldScanner.scanJars At least one JAR was scanned for TLDs yet contained no TLDs. Enable debug logging for this logger for a complete list of JARs that were scanned but no TLDs were found in them. Skipping unneeded JARs during scanning can improve startup time and JSP compilation time.
05-Mar-2026 23:25:02.898 INFO [main] org.apache.catalina.startup.HostConfig.deployDirectory Deployment of web application directory [C:\Users\ADMIN\Downloads\SmartLibrary-Management-System\webapps\examples] has finished in [3,654] ms
05-Mar-2026 23:25:02.936 INFO [main] org.apache.catalina.startup.HostConfig.deployDirectory Deploying web application directory [C:\Users\ADMIN\Downloads\SmartLibrary-Management-System\webapps\host-manager]
05-Mar-2026 23:25:03.521 INFO [main] org.apache.jasper.servlet.TldScanner.scanJars At least one JAR was scanned for TLDs yet contained no TLDs. Enable debug logging for this logger for a complete list of JARs that were scanned but no TLDs were found in them. Skipping unneeded JARs during scanning can improve startup time and JSP compilation time.
05-Mar-2026 23:25:03.590 INFO [main] org.apache.catalina.startup.HostConfig.deployDirectory Deployment of web application directory [C:\Users\ADMIN\Downloads\SmartLibrary-Management-System\webapps\host-manager] has finished in [654] ms
05-Mar-2026 23:25:03.592 INFO [main] org.apache.catalina.startup.HostConfig.deployDirectory Deploying web application directory [C:\Users\ADMIN\Downloads\SmartLibrary-Management-System\webapps\manager]
05-Mar-2026 23:25:04.077 INFO [main] org.apache.jasper.servlet.TldScanner.scanJars At least one JAR was scanned for TLDs yet contained no TLDs. Enable debug logging for this logger for a complete list of JARs that were scanned but no TLDs were found in them. Skipping unneeded JARs during scanning can improve startup time and JSP compilation time.
05-Mar-2026 23:25:04.093 INFO [main] org.apache.catalina.startup.HostConfig.deployDirectory Deployment of web application directory [C:\Users\ADMIN\Downloads\SmartLibrary-Management-System\webapps\manager] has finished in [498] ms
05-Mar-2026 23:25:04.094 INFO [main] org.apache.catalina.startup.HostConfig.deployDirectory Deploying web application directory [C:\Users\ADMIN\Downloads\SmartLibrary-Management-System\webapps\ROOT]
05-Mar-2026 23:25:04.527 INFO [main] org.apache.jasper.servlet.TldScanner.scanJars At least one JAR was scanned for TLDs yet contained no TLDs. Enable debug logging for this logger for a complete list of JARs that were scanned but no TLDs were found in them. Skipping unneeded JARs during scanning can improve startup time and JSP compilation time.
05-Mar-2026 23:25:04.544 INFO [main] org.apache.catalina.startup.HostConfig.deployDirectory Deployment of web application directory [C:\Users\ADMIN\Downloads\SmartLibrary-Management-System\webapps\ROOT] has finished in [450] ms
05-Mar-2026 23:25:04.552 INFO [main] org.apache.coyote.AbstractProtocol.start Starting ProtocolHandler ["http-nio-8080"]
05-Mar-2026 23:25:04.649 INFO [main] org.apache.catalina.startup.Catalina.start Server startup in [10647] milliseconds
